100
0 0 1 2 3 4 5 7 6 8 9 10 17 11 12 15 16 19 20 18 14 25 13 22 21 30 24 38 32 27 34 23 35 281 31 
1 26 41 54 46 55 61 70 36 29 74 91 52 180 62 67 33 60 110 64 51 84 85 43 37 42 49 159 251 82 40 114 
10 455 381 513 256 207 318 200 332 185 294 2871 265 1963 193 247 177 272 327 418 311 347 211 694 502 739 209 208 3140 344 253 267 
11 136 246 205 477 206 194 362 243 236 227 296 3661 316 213 254 653 371 1566 448 167 234 268 1428 1595 237 1932 902 545 203 356 339 4241 452 
12 632 439 1251 175 322 421 287 825 612 595 879 1610 573 610 314 1401 790 579 377 731 707 2014 878 804 1298 4612 427 183 701 621 3813 7084 431 413 506 393 
13 611 567 572 1271 4336 1156 1042 1948 233 1438 3324 5834 1677 1152 1967 885 1105 422 1686 2664 4477 2579 1402 3700 2568 5120 1828 3989 
14 807 349 290 1866 224 303 456 1007 270 490 1097 819 450 666 291 1228 398 936 1902 948 355 706 659 1035 4848 6031 848 370 5429 4752 1315 366 1590 
15 182 772 259 197 1027 306 309 559 446 561 329 190 907 363 660 669 537 451 597 854 796 470 361 301 1506 1080 5620 249 345 2745 700 510 300 438 
16 1754 279 191 1116 9471 5222 380 3548 485 350 1576 1296 3500 1100 524 4362 2983 1021 6662 1748 1985 7367 2096 816 1207 3950 481 
17 1185 5893 946 665 428 454 759 4278 1710 346 3900 3274 7818 633 2202 3735 5278 547 8015 602 6797 285 1051 622 678 1352 763 3923 5782 1030 533 
18 189 2128 7593 750 1481 2688 979 1973 1082 2990 7182 3751 3983 5634 1395 747 2657 2222 613 4302 628 1197 389 608 6234 3272 998 742 469 1849 1171 2416 365 4160 2404 728 3623 646 
19 298 3797 980 271 826 1427 871 358 517 904 598 1114 351 599 775 769 1072 3699 724 718 1119 1642 1216 861 764 2193 3861 492 
2 28 44 45 65 50 53 83 94 39 56 48 66 47 69 75 58 59 103 104 95 86 81 90 179 77 122 214 78 57 102 132 63 264 
20 1052 491 1638 712 1489 5526 1514 5154 434 1726 1121 640 1169 1117 3866 1067 958 805 709 4225 336 487 509 2298 1012 2150 647 449 1290 1678 2979 1039 406 9798 676 7606 
21 325 606 845 1350 1010 386 2285 3158 353 1087 2041 342 310 1384 714 1859 1371 341 683 1260 6703 1163 2169 555 328 7090 1988 463 198 1245 501 3535 499 
22 307 459 658 244 964 277 2387 822 317 282 583 402 1756 299 360 843 442 687 868 266 685 893 512 354 635 405 230 2163 400 384 476 2000 
23 1407 343 645 2479 887 5604 1071 1429 419 866 671 414 1122 479 3257 330 536 3571 2282 1351 457 6036 702 817 3839 535 274 4211 5999 1804 6661 585 1277 
24 644 654 305 3210 440 3349 1066 1011 680 641 542 426 534 726 889 7373 977 3171 388 443 746 906 1629 228 284 2168 1845 539 239 670 1978 7086 1477 780 1155 1286 
25 241 2587 1199 4724 1667 1490 383 588 2546 9677 1293 757 2191 952 6943 1126 2494 5532 577 2737 4722 3262 1637 4911 2947 571 8243 6813 3251 2794 4100 
26 2195 324 589 890 313 891 1515 3175 488 1333 3317 319 503 505 519 2473 379 8401 580 3038 1936 4238 3406 1397 1434 2135 2706 3689 8512 
27 855 553 376 368 552 916 837 445 1953 574 2171 348 8438 1814 5960 2627 586 650 721 1033 1221 623 1192 357 373 667 407 6558 378 
28 478 1150 337 791 975 444 2078 582 1788 2576 6424 860 420 1106 1627 1459 1008 1917 2385 688 273 262 2882 565 1074 460 3458 830 1865 
29 437 760 3842 1000 880 793 496 1908 1378 1015 629 1803 1697 5195 3201 1867 1811 4088 727 3148 881 2684 1078 1709 1389 5020 424 1099 984 2212 7791 453 2524 
3 73 97 125 165 170 399 98 106 68 101 100 137 549 304 143 130 71 172 108 447 96 169 144 147 293 112 768 121 161 
30 625 1026 4801 8740 1906 8365 3502 1210 1332 992 9295 2522 1979 6450 2156 5792 8875 2048 2967 914 6097 6696 4325 8938 8427 9360 3943 5417 4514 7774 3895 8241 2076 4597 841 9872 4930 1596 3178 
31 2360 590 842 557 1065 554 735 408 960 1882 853 1246 493 945 263 482 1783 697 3676 1456 1991 1054 4630 978 321 1140 1362 8444 774 8948 619 5447 
32 374 882 797 527 521 4850 663 1741 1663 397 1706 1073 743 166 1125 949 4738 520 940 2965 900 655 699 2883 2458 7971 4859 5724 2683 2609 1824 1009 9566 
33 334 3119 1211 1990 1807 1558 630 733 543 483 1201 961 6697 8488 7387 5294 3790 2444 2233 394 3563 1418 5167 1414 4120 441 737 1685 704 430 1900 
34 1233 3222 1665 926 9952 1575 1372 594 333 2300 6755 395 2126 4659 6130 587 1446 1089 2469 466 5597 2430 4096 672 2147 5084 6523 1921 1747 776 2542 1269 3949 5490 8044 6354 4995 4761 
35 7718 8973 6137 9957 3236 1752 7970 2239 1909 5221 6012 295 4164 471 529 836 969 953 1504 4613 2516 1363 3560 1782 2581 1653 899 
36 1127 3730 4051 5361 1797 5005 1532 1388 1005 9562 3194 751 9040 1168 2295 1919 989 5001 2552 7748 1886 4984 1058 2408 3604 4662 4090 1698 9556 396 312 
37 1214 8660 3243 1358 1996 1029 369 1177 838 410 927 968 385 677 592 4525 1391 1695 5971 6630 4307 1579 9843 2751 1136 1278 681 5795 1147 
38 3097 2696 6166 971 698 1841 5165 2738 1123 9906 4361 7924 4032 581 9607 1288 1714 507 2805 6329 3659 5803 6064 1314 1334 562 1062 5519 6284 2067 
39 5901 1226 4275 6756 2138 1744 1821 3929 615 600 4388 7935 2753 7747 872 4274 7621 3891 4263 9076 1546 3121 2207 3127 1652 6058 803 6531 6909 423 
4 129 257 392 173 120 2052 105 160 229 79 335 433 222 217 131 157 116 308 514 225 119 212 1336 2132 1863 779 1843 1623 375 1956 
40 1880 777 1053 3761 1583 538 6025 3915 7777 1503 1591 5778 2475 5731 1571 1017 3400 3488 928 1465 3879 7195 6847 359 2566 497 2423 7481 869 9593 3044 5546 766 528 7181 
41 2415 1837 3135 372 382 2062 5797 3784 3017 5801 7591 4858 4618 5688 1044 1815 8586 1442 9678 2759 1511 2961 1626 1165 2795 7672 2456 
42 935 1001 315 1137 954 1729 814 2862 908 489 1999 9519 773 1522 7347 4408 2228 9561 2005 5973 6398 1789 9749 1611 1184 748 884 2344 3098 9701 3380 1694 1108 5412 
43 6126 2218 8629 2262 755 1353 6094 3828 2859 2094 7797 1128 1758 3358 3164 2611 1509 1889 6820 1876 664 5689 9359 2433 7986 2904 1894 4838 2507 3708 1993 679 474 846 
44 1002 4089 1379 2196 1070 716 2050 603 3167 789 1651 719 5014 1132 2091 2951 6044 1826 2575 404 1213 2785 2853 2743 8480 1672 3246 2565 2106 5626 7624 2292 9676 798 3384 
45 544 689 758 2917 786 2720 656 576 951 5207 2973 1360 1861 525 4421 2152 2968 2090 8103 857 1436 6785 515 7590 2329 932 4299 4625 2601 4271 
46 651 4148 983 7408 473 8088 4370 2665 3003 5275 1356 1063 2477 634 2167 970 6018 6005 1746 844 1091 4331 2591 1324 1142 2513 8585 1474 4581 833 1166 2628 9338 7135 1567 
47 1582 740 2413 1424 6684 5388 511 2098 3056 7687 941 614 9493 3293 2791 6205 7287 568 8518 8428 7122 3946 862 5196 3769 1377 2460 
48 1554 1023 745 7384 1344 4497 8355 1283 4672 3684 5728 2863 2178 4821 2988 2825 8616 2920 6336 2337 8326 9433 5547 1191 3561 3825 4476 3019 1765 6227 1312 1810 1510 7050 1104 2249 990 584 
49 1767 1857 3332 839 994 1671 996 1325 770 1064 1844 738 1759 9711 1606 1937 1628 5472 566 1716 2371 1329 6037 1842 5675 5144 9391 675 3144 
5 93 87 76 135 128 199 178 186 245 149 240 155 168 88 195 215 124 89 151 117 92 435 390 269 152 202 141 113 500 109 
50 919 2941 1620 2184 1624 827 4242 2227 8702 691 5178 4619 1599 4864 834 5562 1891 1493 2612 591 464 788 627 4380 1942 1085 3775 723 2787 6737 
51 910 9234 8783 4705 4606 966 2410 508 1728 725 1989 2420 4847 6237 1224 3586 1417 1848 3924 3824 1491 1602 7694 1692 3634 2633 3218 3734 5230 6463 5031 3084 9213 6211 1960 
52 1601 4025 6514 6001 753 2190 2327 5625 1361 1950 2088 2702 467 6171 2818 2165 2345 7895 883 2886 593 859 2164 1899 7307 1088 693 2235 1680 1186 987 
53 898 1704 3528 7064 909 1408 1056 1077 530 4478 2247 3715 1235 6423 4244 3016 8486 1190 9225 5791 4968 785 1598 1081 5617 800 1721 2746 5376 1552 6035 1931 2117 
54 6043 480 9019 1461 2291 6438 962 9357 1272 541 4632 4914 2380 8692 4552 3881 4757 1476 3013 2087 636 3424 4560 4044 8240 523 2644 2330 2251 2240 1568 2638 4184 
55 1209 2498 662 522 6149 3110 326 1270 1151 4596 1223 864 609 1266 1966 1587 4364 4657 5909 2254 7497 5197 7956 2478 5863 8766 8729 3008 7040 1648 674 1702 801 1541 7062 
56 3577 2451 2431 1913 2051 8114 6348 3796 5566 9742 1075 4452 1406 7815 3006 5276 6854 2810 5161 4732 2220 8132 7395 856 2349 2044 5935 7867 1800 
57 2348 1755 2436 2373 7473 8672 2634 3975 7559 818 2894 1635 260 963 1257 1877 1699 8272 2134 6748 3654 5431 2836 3420 1262 5774 2059 4162 6480 2142 7325 6147 6913 
58 720 550 4104 5850 806 2986 4685 8076 4474 3768 6604 2619 7279 4133 6571 4895 2593 1700 8806 3773 4539 4788 4417 3794 3516 1149 540 3125 4667 1742 1545 3987 1534 6612 
59 8601 6408 3843 6238 2187 1264 2980 1412 605 2692 8146 5173 5459 494 6676 7805 3908 9137 8969 1480 1134 5350 6246 4646 8138 2758 3226 3962 3101 2948 2060 5333 9412 4913 2956 
6 72 145 133 99 188 248 498 176 391 292 146 280 255 364 148 799 331 302 164 465 210 163 162 150 235 174 551 153 401 903 
60 2312 938 2652 5641 9442 6729 1295 3559 2065 4240 2562 5605 1393 9609 5371 2730 2157 1280 2397 3126 4459 626 7876 3456 2013 813 9723 2667 3224 6307 1170 1799 6030 
61 4674 2976 564 1227 8614 1572 4942 9311 575 6677 7546 6979 5812 2148 7433 2960 3266 7981 4152 9262 2739 2622 6338 9085 767 367 2928 795 3179 1300 1034 6555 3624 5882 1983 3935 
62 3429 5672 1383 982 9203 6226 9208 3753 5507 3704 6831 5931 1275 957 4146 1570 3858 4928 3345 858 2474 7734 2143 5296 6955 696 1738 495 5668 1373 1187 875 
63 976 1370 1337 4809 4221 648 4009 2840 1958 1862 3478 9138 6702 8704 809 2992 7764 1239 3926 3299 8516 607 1041 6229 7776 8131 2334 3313 7977 3444 8801 6412 9574 4264 6834 5368 
64 778 3032 784 2261 1323 6655 1215 7589 5038 1443 6949 3395 6258 1404 2343 8454 4654 923 5502 5193 6210 6092 3230 4688 3808 810 5330 2306 9521 3777 8009 9478 1416 
65 8055 1679 6629 4584 3893 652 3033 5965 6074 3151 9693 2897 4791 1268 4549 9017 3541 8901 2437 3646 3227 558 387 5564 2654 734 2670 2392 
66 947 1413 6980 3648 4482 4319 4001 8116 4350 7316 1452 2311 7027 8688 1951 7658 851 2491 1318 2055 2852 4620 3209 3525 6952 1250 6131 5902 3142 2509 7918 2198 5446 
67 756 1387 657 722 2022 5186 8149 1354 1521 3059 1735 981 3350 4885 1109 2959 3932 4316 2700 3969 1386 4517 3055 921 7537 1463 1079 1024 3632 1573 920 2243 
68 5667 840 604 5539 3903 4798 2681 2112 4875 1673 1320 744 2399 3314 7893 6359 3660 2356 2487 9269 1669 3759 1038 3536 7607 5403 1466 4919 6716 7584 6027 6991 
69 1107 3499 1935 1593 1499 1883 1279 8180 1061 3520 6767 2177 7231 8004 6169 3710 2551 1696 486 4964 3249 708 2662 3169 4734 1961 7281 3392 7337 895 5241 6452 6692 
7 250 107 139 118 218 158 276 115 134 201 288 275 140 184 126 154 238 187 181 462 242 278 142 461 338 223 429 1959 156 220 192 258 933 
70 1113 1486 2121 2119 2545 1497 4648 2219 7303 6565 5064 3832 3508 3258 3028 3189 6616 1086 2837 3884 9122 3414 2216 3938 8322 1450 7850 4099 9479 2035 6698 2221 1445 5212 2885 
71 1607 2099 2650 9763 4511 3941 2643 1255 504 729 4881 2020 1496 8917 5329 2887 7600 8104 771 4131 6009 1178 8295 3512 2455 892 2294 730 9885 1946 7913 
72 1483 1019 1621 1478 5205 4448 3594 1852 1218 6467 2114 7712 2538 2029 4929 6156 7710 2592 5855 2315 9666 1375 5215 6051 1294 1068 1299 2908 1183 2205 9722 4716 705 1563 4577 6223 6029 
73 1484 1311 3403 2201 6188 1307 3826 9547 2878 4680 7702 1232 1495 5479 1562 6504 4151 9794 1516 3357 686 6410 2860 2424 3166 2172 6874 2211 5235 5847 7798 2741 
74 4429 3292 1188 4797 2427 9246 3618 888 1304 2848 5011 7417 3149 4723 2937 1435 2624 5914 1818 8870 9543 1274 2274 1447 1608 1346 578 4609 7909 4255 5346 2166 2025 1202 1148 2160 
75 1130 3682 2445 3362 993 1670 7275 2927 6270 4197 3234 3052 5876 661 1895 2203 3428 4894 5406 5390 3899 5383 3359 2715 4192 1032 1772 2297 1549 3252 7603 
76 556 2844 2938 1160 8056 3228 3279 1342 943 6288 5805 1538 563 639 5251 4422 1615 711 3408 7102 4878 1870 1501 3979 9949 8095 5607 3852 643 9317 
77 2942 1888 8733 4138 2517 8466 6745 2378 3603 9355 9710 5872 1577 2398 1992 3591 5817 5848 1258 6357 1366 5582 7792 896 4347 6961 5435 1734 3574 6896 7342 5022 1014 7509 2336 4098 9890 8025 
78 4822 713 1613 5558 5865 3123 2232 9306 1743 4343 6301 8476 1574 2010 7105 1690 2793 1524 2145 5421 5218 986 9660 4607 9159 624 1600 4254 7499 2009 5404 673 
79 997 1340 1757 897 1896 2987 9041 3354 3526 682 3137 2019 6087 2527 4971 8579 4793 8244 4048 3894 1975 2377 5520 847 5773 532 1193 782 4122 1823 3303 1020 2182 
8 411 111 323 546 286 216 631 1588 415 815 2308 226 596 1037 484 950 320 221 127 436 283 261 637 252 2769 752 3692 601 1345 1225 
80 1217 3301 4908 5052 4824 2812 3433 3124 1138 1195 974 9335 2136 2388 1256 3089 1939 4950 2544 3755 1180 2389 1174 1454 1175 1208 7575 695 2056 
81 829 1135 2913 876 4281 3815 1750 2414 2819 5091 4857 824 9793 1544 1432 3631 4157 1200 8162 812 736 5326 6394 7708 548 2185 1031 4500 831 1468 931 3040 2217 7727 1724 934 5979 6313 
82 1649 3827 5419 642 9320 5512 2429 787 2693 5997 2095 3215 1530 5570 6990 7030 2518 7253 7291 3471 6642 8342 3972 8297 7459 3511 2567 
83 7315 1162 2493 5140 5929 5811 4070 5041 7092 1525 1850 2694 9043 2011 4704 1822 6577 3973 2038 2271 2071 913 6407 1411 3613 4922 3831 3638 
84 1829 3412 5063 1737 2849 8932 4695 3869 7132 3281 5862 2690 3566 1364 9947 2540 3706 1173 7908 1244 2564 3958 1176 2409 1926 2776 1745 2365 1911 3911 3022 2892 2453 1236 956 1343 929 4614 3919 
85 1398 2144 2432 3569 1158 8387 8770 1892 5349 3180 4508 2170 6718 6135 1517 2926 3183 2199 2792 6647 1254 1944 4565 3024 1222 4962 3464 3792 1410 1292 3319 1203 4194 
86 1036 1172 5160 4840 937 8767 2151 1693 3513 3340 5175 2301 3161 8790 6243 1529 1688 2210 6559 5233 1847 930 7541 1479 6425 7234 1096 1120 
87 1368 4227 4040 3053 6614 8949 6779 6052 6045 2594 2482 3160 1725 5246 5136 5469 2978 7013 2340 4589 7301 1273 5561 1512 717 5820 5414 2288 5046 8738 8600 
88 2674 4171 1189 9358 3223 6160 4479 2209 1808 3814 8461 1110 1776 4329 7266 1462 3977 7245 2718 1282 3203 7085 9967 2322 1405 1103 7688 9054 3376 1687 2485 1715 4829 8484 5481 5905 1656 
89 3023 3883 1415 6022 1431 1433 4743 7070 1154 7371 894 1205 4936 2712 2732 1997 1805 828 2043 2231 1238 3952 2480 3163 9892 1487 9005 3002 6335 1426 
9 232 123 297 808 80 412 231 468 2024 425 409 340 171 475 289 417 715 516 352 458 2831 912 4390 1449 1927 138 403 526 762 472 204 219 432 196 
90 638 617 4551 5552 1494 4435 8450 8315 4207 3172 5158 3020 7709 3190 7820 5127 1357 8991 7304 3100 6183 918 2158 6549 1885 4710 3092 4259 1422 3642 1768 2977 7671 905 3457 4126 4169 
91 2492 732 9770 2304 9088 792 4952 1994 8122 7167 692 3446 6176 3047 6405 7258 1555 8324 2972 2033 8334 5242 3611 5513 1090 5295 8019 3229 3208 4183 6200 7214 
92 4366 4313 1265 8414 4460 2428 2080 2108 5359 965 1884 1473 2556 4548 3580 9204 2841 9455 1916 9165 3489 3590 2526 5448 2268 2107 6915 8732 5503 5920 
93 1421 4994 2049 1897 3041 2368 3996 6644 618 8086 1527 7162 4889 6013 8386 8802 2464 2590 2097 1817 1094 3572 9000 1241 5760 9705 1212 1616 
94 1341 1267 4955 5921 5548 3974 5483 8993 9862 3655 4425 6399 5051 9401 4758 5933 2557 8492 1220 820 4305 2402 1335 2763 765 2876 6903 5560 1918 1231 2486 1305 5924 9753 
95 5442 1881 4191 3860 7313 3430 6671 5170 3767 4386 5977 2496 6912 1618 3712 2260 8992 3181 7386 2102 1367 5392 3673 4621 560 9464 1112 5062 518 
96 1316 2003 1766 863 1374 1092 1339 6376 2309 1526 3906 4656 3082 1597 9782 835 6783 1249 8940 1469 4759 4702 3615 5662 9832 2512 9946 3141 4495 2042 1055 7884 6682 
97 1938 2092 1492 2889 7414 1049 4301 3397 7155 4947 5065 6257 6102 5951 6906 3782 3492 6454 4137 9743 2070 1868 5830 3997 1095 3064 1732 1301 3391 5749 6581 3957 8655 
98 1740 915 649 1006 1658 5748 6400 5645 6201 1636 7243 6546 1736 1161 6927 2039 7723 4245 7753 955 1825 2752 2771 7507 2395 5394 
99 531 2867 5416 2970 4494 5021 4683 616 4604 4258 6705 2476 9095 2918 3304 9908 3980 3004 3901 3109 8124 1230 7454 9516 1349 7881 7153 5249 
