500
0 4644 3005 2279 3297 273 4821 4721 3417 9301 2551 
1 3743 1181 246 4293 2331 9636 7837 8981 1323 4726 871 
10 1122 5692 6266 1956 1581 8389 8815 641 331 6573 8618 
100 1498 4050 616 9114 2869 6750 7431 9523 3869 4242 2550 7543 1192 
101 101 8625 1237 4295 3106 9567 1007 4819 3189 519 3111 
102 4489 9988 2290 3072 4324 4923 6433 1828 7434 6181 3046 
103 423 5794 8190 765 1762 1716 2926 882 820 9262 401 
104 2811 9357 9920 1364 3909 1941 9256 5986 5787 1410 8880 9047 1195 550 7000 
105 7956 6676 8710 2655 8790 4954 1562 1344 325 590 4038 5334 3298 1838 
106 5553 5658 9514 6894 5636 5674 2582 9200 6503 3970 491 7455 
107 9632 4290 6166 7358 3954 7602 8703 6471 
108 849 529 8490 1466 3460 4991 2819 685 9023 
109 1288 9031 4538 8803 2687 4032 7351 4200 
11 9745 7074 6706 5547 8123 8045 2203 8186 9887 239 
110 8916 1303 7510 8758 9945 7967 6602 8598 1814 
111 3959 5093 2701 6767 6137 135 5770 113 650 854 8374 7036 
112 8600 6164 8505 2634 5552 1345 43 8241 2713 1864 6227 
113 3193 9566 4830 7890 1038 5049 6700 
114 593 7484 1520 6063 930 2275 4814 326 4026 8463 5362 
115 1631 8652 6077 6417 1064 440 6020 712 3713 4903 1420 
116 935 6048 396 4512 2842 3458 5835 6139 4572 9955 22 8215 707 
117 4558 4565 1200 7281 9797 5705 7651 5115 
118 3058 731 4783 3702 745 100 7118 511 3031 2575 1565 
119 9218 7948 3405 1179 5867 7859 774 4274 193 9738 2255 4256 26 
12 5509 2335 8507 4345 2586 1233 667 3926 2124 7824 9986 1521 
120 8674 2505 9130 134 3797 828 2755 5228 7008 8498 6979 7591 265 
121 4720 3352 9192 6724 33 1399 9637 7683 901 4277 8650 950 3044 1383 3084 
122 5917 3451 8501 3902 8464 5343 1194 5147 668 4036 
123 4744 4780 1638 7262 6436 8572 2530 6301 5904 5788 1157 1244 815 
124 196 1642 4982 6993 1147 4636 6621 1011 6334 1711 2972 8137 7598 2611 1958 
125 1362 1034 1152 425 9786 6105 8231 7408 1552 4810 5339 
126 750 3041 8287 229 2059 3561 6901 552 3414 688 
127 7414 7482 1773 3648 9315 3079 5138 7260 8610 4542 2240 1105 8035 
128 2560 8982 4948 1560 6986 9280 6262 3465 7486 5246 8835 7747 6851 
129 7021 9694 2349 3348 1031 5073 389 8858 1871 806 
13 5682 210 5525 6468 6698 7459 7028 505 6025 7909 7278 6002 
130 1468 8717 7817 3099 3440 6852 8183 6764 
131 9123 4222 7013 1139 4195 5995 4307 5236 6011 761 5559 8368 9962 
132 6863 5085 6921 1501 9139 5751 3972 216 4900 360 9245 
133 6188 7560 272 7563 9436 7427 1398 5608 2007 6167 
134 1715 4671 953 7951 8821 7992 6671 5410 3676 4935 
135 4566 1075 4588 2608 8056 1695 1666 7392 3381 7996 4532 2624 4955 
136 3751 5690 7311 6134 1867 8046 5017 2107 6577 5059 
137 8967 2384 1972 4008 4065 608 8253 5723 5429 
138 1656 2941 2406 6222 2488 6074 5327 8193 3657 3418 
139 3557 4853 4388 5055 8888 323 9171 7549 1935 1102 
14 8549 7228 7174 1962 7115 7381 5234 8750 3494 9293 
140 1639 221 3628 7792 3383 1212 5182 7012 3580 9634 1120 9721 
141 2457 8012 5492 5257 5346 518 2050 3535 8789 7322 4214 4289 
142 7201 989 9 5666 2317 2736 1895 6091 
143 6614 4133 8670 3862 7050 362 1557 6495 5144 1567 6525 4158 
144 1725 3476 1348 3983 1834 4328 2402 7963 4243 
145 3411 7474 6241 9714 5815 8574 4556 9657 3596 4169 2541 7949 
146 3379 5702 7342 2284 4737 8060 1476 9722 2213 8548 175 4013 4653 
147 7743 6502 9809 7694 8736 3597 6320 6265 1012 3174 6744 2109 7551 
148 1353 3794 4472 1394 5035 4929 3169 7969 8199 1085 
149 3050 132 9710 2670 1324 6592 4589 3310 4318 7126 5275 6523 3308 2818 
15 3888 6267 7233 4486 2934 7344 1407 2730 5350 
150 7741 7536 1802 5555 8432 9232 4396 2719 
151 5244 5903 7587 5169 7960 5874 7606 8135 9415 5500 4372 
152 8845 5900 1376 9340 1912 442 5624 1188 
153 9305 6165 6796 8298 4942 5862 2421 9208 6530 7261 
154 2105 5857 7385 5086 6683 220 5186 6736 6124 8371 9994 7691 3772 1091 
155 317 8579 2291 446 4822 2001 5220 9674 1902 
156 9424 5104 6688 8092 3463 1146 8164 6339 2877 5065 7454 8740 
157 5467 490 4674 5204 5203 648 6343 8523 6510 5336 
158 7688 9096 236 7235 3920 2396 1236 1301 8051 7469 
159 5731 7976 3739 2981 6460 3225 7428 3876 1756 
16 5872 5474 6185 2034 1371 2061 472 167 
160 510 4995 5418 5402 2577 6000 5683 7569 8904 687 2033 374 8388 8635 
161 3422 2900 5258 8461 3711 719 2207 6963 6777 7435 3506 9264 2765 
162 3167 7800 1749 8037 9093 8420 421 4435 2969 
163 6597 7127 4551 7038 4162 5778 9588 7556 2857 5773 7738 
164 3613 4339 8050 7494 8898 5298 6646 
165 9583 2186 8686 2682 3563 6345 6224 8387 9937 6121 
166 6717 9129 4326 5134 3338 5388 5081 1022 4892 4750 
167 8272 2764 7984 2712 4593 1668 38 5127 7762 5131 1425 5278 8495 7833 1992 
168 2953 9018 7274 9939 944 6426 8817 4314 
169 9015 6940 7305 2548 9736 103 8033 9644 
17 5308 182 7285 8841 8469 6786 895 8792 3194 9954 1207 5546 
170 3625 5251 4541 8418 2467 6890 336 810 2444 1055 9597 
171 5728 6861 7237 3069 3700 3527 2030 1010 6064 4389 5609 8787 6092 4797 
172 6374 8089 9660 4154 661 6740 1686 52 3620 4677 
173 7499 2766 8225 4266 7546 7086 8773 4698 1559 
174 5320 4893 3632 3505 9621 4781 7043 7493 4281 741 
175 9388 2595 8125 2820 8897 8103 7915 250 7295 5907 6010 
176 3429 2531 3990 4448 603 5398 4487 5226 627 
177 6370 1196 3218 212 632 7316 3549 7409 7075 6038 
178 9273 4421 1504 1246 7416 8077 3846 5390 1938 8739 
179 7755 7561 5797 3691 8989 8527 3116 9568 4115 7456 6656 9370 
18 9688 7447 6249 2939 6351 3362 133 4027 3262 631 9526 2128 8042 2721 8052 
180 6416 6186 3447 8608 760 5075 7968 6886 5912 412 5024 2032 5656 
181 1760 6482 9717 5430 8926 8781 2008 88 3537 2372 889 
182 4045 2643 4554 4007 4437 1098 8819 1137 1087 4333 6773 8753 7675 4028 
183 3211 3931 2806 4537 7352 4575 3318 8931 6903 3432 2251 6805 
184 910 5738 8511 7566 8738 767 170 3293 6221 6389 7601 
185 9199 1306 3749 2079 5364 9395 7186 122 8846 9196 
186 5119 8654 4708 3777 2557 7821 3279 7022 
187 5964 6616 3910 1652 4806 1571 463 6302 6798 9957 3152 3011 5885 8230 2554 
188 6929 1153 3937 63 1806 4683 3643 123 2590 7304 3721 
189 7775 3425 1942 9602 268 1583 230 2218 49 1847 6568 
19 8743 4060 2135 744 5155 7687 8416 7232 9728 4039 798 5125 
190 664 5503 6623 864 692 2871 9493 5700 1536 6274 2621 6631 
191 2727 8309 6713 4321 7597 4224 1919 3288 
192 5359 7476 9186 7627 9313 6279 62 8147 2735 5195 947 
193 5481 279 1940 9379 5445 1279 3291 7720 1340 4716 8907 924 
194 5854 5508 9643 9400 992 8914 349 4988 5416 9902 
195 4963 8624 5573 4996 1662 5016 8966 8315 
196 4015 6587 437 7399 2754 7641 1527 1430 9331 7108 9802 4840 
197 7786 1482 6311 1555 1518 4192 6250 6912 5598 6560 8074 
198 5861 5 3203 6289 9622 4000 9259 3752 2231 1998 793 
199 5517 4331 3627 6543 9930 5710 6878 102 1632 7945 
2 578 3895 8203 8423 2744 949 1020 5678 2408 1107 5652 6840 7321 
20 482 4956 1072 2614 779 278 6309 9408 6201 
200 3100 6875 6924 6731 8239 3584 2353 2946 9679 3835 4646 4264 4504 799 8238 
201 7642 2100 4332 656 6070 2711 7686 315 873 4612 5551 
202 6584 7077 4842 1906 3735 2666 7774 7355 2475 8734 7091 1052 6395 
203 4760 8191 6169 1890 9283 7181 6076 4278 3828 
204 6051 6933 8053 3277 6972 3631 7055 1481 1616 6143 7825 
205 8899 3471 3423 131 8885 8252 2714 5292 8198 6915 2680 
206 9358 3133 4051 1109 4651 7138 7225 3501 3080 
207 2668 9236 4177 6992 3716 7255 2330 7194 9019 
208 1948 3467 726 1458 2399 408 4544 6936 906 5185 6398 
209 3614 4936 4402 5328 1377 2439 3320 5499 1528 8942 7732 
21 9935 9450 1708 276 7213 1059 4613 5097 7582 5754 
210 897 8542 7907 4736 1611 6590 6681 7784 
211 7204 9626 1889 7131 3592 7143 4635 5434 4310 9086 9120 9041 1224 2781 4173 1327 
212 2359 1723 9027 9997 722 9248 3656 7904 9393 2063 3442 
213 3265 5342 8969 8866 2305 2663 2747 8430 6172 
214 613 5133 4233 6494 9481 1164 1857 3349 4939 9534 7396 
215 9466 21 8000 983 1191 6809 8816 6234 1576 5936 
216 9168 2722 532 6650 5052 6347 9119 2245 6318 575 7104 
217 2672 9586 2243 2297 3847 1775 4550 7359 
218 2996 6708 5701 44 9335 3951 6949 7463 439 3913 
219 1766 1781 4136 5110 2462 1622 4240 3946 9457 4902 
22 7165 9440 1168 5679 7581 8992 847 1028 9290 9833 
220 1403 7946 6042 4823 769 5444 7272 4587 4507 4129 7633 
221 5454 3939 9878 4786 1626 2536 1893 4422 8410 3126 
222 8521 6505 8922 6512 2214 1284 6394 4031 8146 3683 
223 2669 6636 3719 8678 1734 1761 5034 8291 8178 2568 
224 34 7574 7650 7736 8278 9475 7617 2262 4044 6554 3322 
225 1866 8308 713 1349 4740 986 5044 4873 5780 6327 8250 
226 407 1347 2925 5293 5387 304 8018 1628 4573 1450 
227 232 7129 5491 9295 1255 1304 1465 9359 6294 2038 1134 4649 
228 844 5563 8645 8979 2662 2903 9823 3147 6702 
229 2885 1826 9364 8310 1047 3200 514 8538 5356 4533 1923 
23 4391 5535 670 9386 4134 8111 8949 6257 483 2183 813 9161 
230 7970 9101 4042 8459 6152 9807 1309 1603 7531 
231 3958 2699 5693 7270 8937 6362 7296 4439 7026 541 1014 9702 2338 6483 
232 3278 4702 858 9284 477 6922 3178 9163 8564 4800 7307 8994 5990 
233 7085 1980 2968 5680 740 714 9049 9830 2521 6781 
234 6974 7856 2460 500 1664 6470 6804 4777 
235 3341 2553 2224 2185 72 4213 5054 1865 297 7745 4672 
236 9611 7608 8306 8529 609 5913 5355 257 3000 9184 7716 
237 8737 2238 1140 9325 2516 4567 3703 3540 3022 4904 4412 2958 8071 6273 
238 8227 2042 6783 5365 4456 657 2365 8152 6670 9401 
239 3500 1586 695 8081 5121 8766 7134 9845 9125 1801 
24 5704 5825 5536 7049 5703 5941 3837 9271 691 1369 9576 8895 734 8881 3766 
240 6642 9383 3767 6036 8513 2451 6089 218 3236 7223 
241 6742 305 6085 1924 1681 6282 3134 2970 4946 1673 2047 
242 5708 5522 8831 9304 6231 7808 6817 6338 8337 195 6882 
243 5684 9244 9781 4856 7754 6774 5639 2169 2481 4377 1203 
244 5878 4139 8055 3526 6824 497 8324 7804 
245 2123 3838 7333 3899 1474 563 2695 3222 364 
246 7273 1654 5856 7353 3125 4478 3543 6163 7299 8275 1093 
247 9366 6452 4730 4519 3454 6787 9472 5948 7873 
248 2006 7041 1046 5532 5667 6934 6253 
249 8305 5957 2102 666 6548 4580 1572 1226 9090 9443 7380 5871 
25 316 3637 7611 9137 6572 4340 6316 3274 7903 
250 3867 9552 1453 8761 3163 166 6662 3198 9140 
251 7955 987 4688 5799 5126 9382 1219 5531 4754 7545 1370 
252 6428 4627 1546 3885 6270 6440 4969 7605 284 3852 2881 4763 4767 
253 2654 8236 982 9133 7863 2567 3181 
254 90 2287 8874 6480 9766 2370 8952 625 2532 4040 
255 2810 9076 7059 9487 1818 3771 7377 4513 6775 8217 6102 
256 1644 8276 8009 976 2992 7202 2777 1845 8455 5933 729 781 
257 4749 1952 8510 9241 3271 5404 6926 4874 
258 2852 4215 7430 3438 7922 757 2067 6488 
259 7020 823 7303 1380 3932 7293 8560 6778 5785 3693 7282 
26 468 286 8765 5961 14 2197 2314 3856 1252 4330 926 
260 6458 9028 4004 6640 8443 5896 4475 5259 9069 3286 8902 9669 5958 
261 7567 5173 6315 6914 2704 2083 5162 1920 4614 1880 
262 5448 8530 8466 7150 7894 6278 1785 4292 8864 
263 2638 7980 8626 4483 8188 7289 6609 3185 3800 
264 1396 2222 9485 7017 3398 6793 5158 8138 465 9517 
265 4124 4376 6133 3350 8270 5654 2868 5124 788 1720 
266 8531 9428 9025 4751 7276 2456 233 5495 2367 7699 5375 283 253 
267 4135 5008 8427 7663 3670 2504 5252 4279 
268 1530 9690 7721 3539 8131 8770 8810 3092 5911 3251 7040 8632 7448 9543 
269 8351 352 5890 955 6556 2265 2313 2413 1182 9635 6613 6034 4148 7665 7626 
27 5389 2886 9982 888 9593 4070 7253 7559 8289 2049 8473 
270 7301 1316 4361 3233 9110 1989 9974 4132 
271 1339 6746 7921 6917 6854 7031 2024 7588 
272 8257 3330 4120 3624 7010 1719 4610 2324 8445 2175 8708 6209 
273 8447 7137 4061 1710 2594 5706 6733 3936 1419 6620 5255 
274 831 8782 1361 8978 9030 610 5926 8539 9082 4846 
275 1342 98 8997 8987 4727 2426 3014 4650 874 3043 4470 6005 9432 
276 6872 451 148 8022 3148 8996 9252 4217 756 6031 
277 9495 7205 2164 3388 6958 7630 626 9298 8068 686 7852 3129 1634 
278 5504 1467 1426 893 7006 2703 5033 1881 9582 7789 
279 7161 8808 7287 2471 6110 551 7811 9116 2630 3802 2572 
28 4178 4908 353 6379 2127 1127 7676 4782 8260 
280 5187 8947 4949 1850 2673 7069 3534 6346 9967 4788 582 9541 
281 5431 5810 4397 9498 5920 3822 2414 219 7806 6680 2129 3750 724 879 
282 8153 2043 3982 2580 512 7413 1619 3673 449 5621 4386 766 739 
283 2780 5793 6276 5829 2671 4490 7 4905 41 
284 6507 7740 8148 7727 3098 3503 7609 9895 9780 7466 
285 9070 2593 1248 5123 921 2168 1291 2249 3650 3544 
286 9624 4341 2843 7895 6192 1267 7933 8020 3796 5899 4041 1786 
287 1388 2401 8707 4758 6216 2908 7318 1763 6400 4179 147 
288 2851 8157 8592 9204 1335 5590 8822 6235 7393 
289 6464 6217 9303 6578 5737 2660 5892 5943 2597 9650 1746 
29 9187 5038 4071 6920 7925 3662 3746 4304 4693 5864 
290 3533 3385 8142 263 9782 5188 905 391 3164 1932 3804 
291 6978 9565 8117 2991 9723 4450 7952 9157 2794 5215 9866 7843 
292 1004 5369 8141 2693 4275 1130 5852 1640 7415 355 345 
293 3195 129 2774 3326 5094 4695 4531 6738 2616 8699 5988 7037 5994 3406 
294 285 3808 4569 2064 1624 2140 1558 7552 6041 1917 1788 7753 1533 
295 9890 8488 5477 2160 7689 5239 2003 2987 7550 6971 4882 
296 5157 3059 5089 5139 6538 4517 7151 9372 6658 3781 8449 
297 4106 3887 4559 3325 1005 1227 3541 6116 2494 4272 9831 7739 
298 6068 9237 7107 1700 3512 1909 5949 
299 838 3085 5605 7533 918 679 165 5096 8962 
3 4667 5069 2486 790 4086 2202 4880 6991 493 2787 7810 1276 
30 9646 1230 2815 450 4928 7638 9153 2472 8714 6628 
300 8234 8192 6542 5047 996 227 1964 7770 6823 
301 8202 1688 7839 7265 966 8158 4990 5600 6381 
302 7512 4073 5814 7027 4950 8213 9949 
303 1321 8603 6496 969 1360 8263 974 2041 6612 
304 6467 8194 3485 2112 5515 3327 543 3319 4099 9230 5112 8480 8163 2867 2071 
305 1050 2933 1851 952 6410 3978 8083 7570 4798 2570 7259 1343 9209 
306 3754 6748 7064 9156 7816 1431 2591 8382 2740 6913 7062 9604 
307 5963 9577 9948 6397 309 9867 4111 4769 
308 6849 929 5358 6385 9144 956 1507 8136 4952 6004 8633 
309 5596 1672 7616 8474 1033 4883 8493 6259 9744 
31 3456 9675 7072 5587 7787 768 7383 54 115 5839 1297 
310 9260 3968 7440 1815 2610 3446 171 7371 
311 1534 8711 9470 1697 397 7547 6275 6723 376 5216 6928 9176 3655 5974 
312 2788 5744 2904 1884 5534 6358 5459 9389 6431 2327 9862 3704 6558 
313 8483 9732 771 2422 8687 3669 1412 1440 2848 1517 4186 
314 30 4818 8889 7773 8344 4658 1427 5384 7580 4185 7870 
315 2708 2322 6586 4237 8870 3821 8705 4857 2201 9306 5285 144 
316 7309 7795 9740 6024 1569 8059 6117 3056 106 4983 694 9434 
317 8001 7793 5875 6504 2301 9746 8861 2569 4387 
318 2639 8518 4879 7657 800 4017 8118 4080 7924 2378 
319 4079 8243 5924 1292 2636 5976 6367 1855 2538 9617 9278 
32 4985 9838 8757 6776 5022 6826 1529 4705 5166 
320 8515 4772 140 5506 6015 9384 521 3508 4832 2922 4633 
321 4309 2035 5072 1975 7647 2018 7196 3553 9013 9511 3675 9258 
322 2099 4155 979 7379 1158 6120 6909 6811 6148 7883 9142 
323 6725 2383 6794 2230 4747 5279 736 
324 8431 2136 5196 7240 5153 6699 4590 3486 3923 3035 1375 9007 6203 553 876 7154 8216 1587 
325 6601 6606 5641 1475 4352 2464 4144 8580 9557 8327 
326 183 445 6060 8212 4539 6516 1767 6017 2605 7317 8209 8905 
327 2296 2985 81 3554 7024 4811 7211 5277 2029 1580 5168 5657 
328 3057 4296 2950 7975 1617 4225 5271 7656 2420 
329 2302 1817 5057 958 8552 4350 8516 7771 3521 244 2518 6357 6138 
33 639 4976 7899 7718 6647 240 7734 153 
330 1365 9103 6770 5750 4577 7190 7827 5061 7065 
331 1483 4663 7078 7849 9160 3241 7166 6150 4122 1186 
332 255 3007 7347 9697 9900 5326 3588 1299 300 4824 80 6330 8915 8120 1705 1627 6003 
333 8756 1386 56 9804 3758 1239 4666 5575 8113 6544 4687 8661 
334 3066 7623 4062 3263 2346 5996 2404 3567 2635 3156 7764 7530 8352 
335 7269 7619 6437 5842 1991 8196 8150 7961 2957 8332 1471 
336 4438 1883 2417 8630 6529 1658 4152 5520 5415 23 
337 380 1799 3424 5676 4638 5653 5132 303 3441 700 3026 2825 
338 8724 8502 2930 2887 5677 3408 3372 2872 7116 8860 1497 
339 3138 6611 4867 179 9077 9337 2690 4167 7101 8988 2894 
34 4755 1042 6519 4920 151 1693 6709 4474 7880 3995 
340 3019 2247 4951 5102 8676 5568 4694 9326 
341 9073 9453 8226 1765 7452 1882 1717 9266 9668 1437 
342 5898 3992 8338 3894 1092 7375 7797 2770 8882 1570 1957 
343 6466 1049 2239 29 546 6902 1071 6810 9558 9127 291 222 
344 5729 5822 5886 1615 7662 1392 6263 
345 416 2951 558 812 3051 5675 2126 9627 4697 6905 
346 3873 3280 5070 7965 3382 2002 1770 4605 6448 6747 6176 
347 8372 6944 7246 782 8648 6447 5982 6722 3723 9623 9463 3831 5053 4191 
348 2465 3818 2948 7851 4793 547 4053 9081 4411 4228 
349 9026 3803 9416 6832 1650 9519 3701 6780 3928 
35 2835 10 699 3841 8796 154 2258 4654 
350 4546 8084 2947 9334 5041 9224 4994 7702 3378 9758 5453 
351 3391 1417 3074 1322 3064 8405 4968 5869 7506 4975 2066 1313 
352 1597 682 3121 4452 6534 3431 6490 961 1114 
353 1829 2545 8078 2622 4628 715 5779 8640 2220 2308 5597 
354 8642 3667 3747 5433 5141 7330 5321 9222 9990 1295 6959 
355 9044 7751 998 7629 27 6337 9172 3513 1792 5178 928 3783 7215 
356 9941 8936 2235 5664 3376 9931 3410 4600 8666 3365 
357 8421 5284 2640 3891 4251 5473 2796 637 
358 8346 7981 1472 8360 6648 5845 2692 1418 1657 241 3542 
359 5601 5578 2827 1516 4789 245 5045 7836 5424 
36 9676 1682 6598 4684 8098 9606 7451 4761 4327 9413 4230 
360 5561 9008 4052 6154 8038 701 9981 6292 7103 
361 1703 3776 267 4576 4579 6378 1266 6583 4434 
362 2351 4734 6555 3524 111 3774 4861 2381 
363 9254 8376 8653 9233 8672 5951 8555 1128 4194 4578 
364 8425 754 9872 4743 7790 4724 4257 9292 9311 5151 9433 203 
365 2823 2742 2172 1822 8999 8601 7389 1083 5863 5834 7088 1391 8284 3641 116 
366 3760 1927 6665 7198 7991 2519 9846 548 5944 5526 5980 
367 2078 537 7604 2077 7243 2122 7707 6371 6160 
368 3404 9492 252 5025 9203 209 324 4074 
369 8446 213 3823 2199 1844 9080 8883 7752 2294 4431 6453 6814 
37 3024 4429 5442 5408 8973 5637 9484 7114 5006 2571 4505 
370 8307 4964 5414 2469 4709 8930 7429 9344 8288 8658 4260 2984 
371 3337 3113 6737 2840 3047 5983 5482 4380 3242 2303 4197 
372 9976 7607 602 2394 9651 4591 3219 9861 4090 6567 9787 
373 6001 7998 7169 3576 2709 3626 8963 8696 1780 1561 7460 4895 
374 2118 2540 3593 5548 8403 4602 6058 6475 6451 8540 6112 
375 7854 8823 5902 4813 506 2628 6755 8088 5804 
376 606 7275 4087 7700 8032 3830 7993 7916 1645 1929 1675 
377 7015 3145 235 4909 8599 3608 9563 226 5332 1003 946 50 
378 1514 738 3048 6325 9404 7622 7350 9445 7767 5583 501 7193 9094 4906 9005 2055 
379 4418 605 1039 5276 9871 3480 6846 8685 9193 7218 
38 2769 1978 9666 1319 3857 9691 7340 6557 8176 4564 
380 5349 9914 1556 3973 818 1280 4097 6641 5685 
381 3520 6109 1955 9461 3119 6474 3502 1944 2883 198 6860 1264 
382 3301 1968 7990 2393 7888 6821 4081 5999 9043 9403 
383 2376 1156 7277 5269 9032 82 802 3622 6202 2363 5965 
384 6439 6364 6307 4247 5505 9215 6406 4917 1409 
385 755 1161 187 4496 4854 2453 1691 8614 7728 270 
386 4095 143 5117 2463 7760 3962 2696 3401 2566 
387 6193 152 7226 1898 28 1350 624 301 5449 4308 7868 149 1918 
388 1853 3061 4706 6329 5647 5323 5882 3594 1579 4091 8367 5288 8328 
389 3863 7693 7332 1592 2878 4399 1629 4367 2542 7749 5004 663 
39 1542 6413 6062 8170 9188 8444 5299 4093 3227 36 9659 8566 1669 
390 6387 9771 8320 2832 6349 7733 6218 7677 178 299 5813 4117 6673 6237 2920 
391 5376 2497 7365 1097 9448 833 6366 9535 1167 8297 
392 5603 3419 1175 4481 5919 8646 9034 5781 6271 
393 8064 8286 6444 4383 6989 9310 5417 6168 
394 2543 6104 1111 4381 367 9906 3514 6727 9840 3176 7877 
395 4343 9743 7881 1416 4692 5302 8976 4561 2051 3525 1981 3149 2684 
396 5370 6035 8528 6987 4102 7360 5649 6303 7288 4850 
397 7666 9812 7030 7152 716 3468 5145 587 526 1510 8715 655 
398 2366 3813 5877 2517 5338 9616 6146 8496 8386 600 7346 
399 1805 9423 6561 5036 9016 3546 2190 5665 
4 8342 7155 6269 9132 2085 5330 8768 5011 191 1973 3375 
40 3267 7157 4553 8481 1463 7082 9876 1294 4607 
400 7823 4862 5968 474 7885 8906 9062 3316 2076 
401 3300 8119 6879 4660 4258 7681 6990 3741 5261 2603 2145 
402 3956 5180 1544 1831 5249 9085 7487 7748 1702 4092 5757 
403 1318 5090 9409 2650 8747 5761 7505 2963 4665 3068 
404 6973 6065 8733 9698 7791 9496 6762 9380 1861 865 8438 3943 5163 3765 
405 1436 2434 9399 6627 3436 3202 5540 4937 8093 4521 
406 4462 3314 1982 6873 1193 1275 4632 9641 8254 1953 3497 
407 6951 574 5611 936 5513 4047 5347 5818 7366 3634 
408 6324 3562 5378 535 6243 79 7462 1698 4476 
409 1823 7575 2838 7750 6551 1169 3206 5725 6866 
41 6213 9522 523 7220 6739 6170 7742 247 1432 1435 7526 2524 4449 
410 7386 1825 1263 1256 7723 8116 160 557 819 1736 8391 2319 4947 
411 5273 6348 2724 271 2166 6618 5565 6766 4998 
412 1290 3900 328 7397 3180 8896 8900 6245 403 3572 
413 2667 9686 9407 4812 7525 6937 110 8277 411 5400 2233 7966 
414 7123 4159 146 5537 1063 9285 3009 4180 9287 8127 
415 995 7624 1056 5739 8185 2147 4805 964 9681 6072 5952 
416 5068 6427 984 1921 499 4196 675 2555 5152 1041 47 
417 634 9238 7180 3605 1897 9574 9499 386 6082 1585 2358 8373 
418 7122 108 7781 2750 2962 8742 7424 7315 612 4206 
419 8195 4082 4248 1696 205 1566 5671 9628 2341 5631 269 3333 3257 
42 7628 7654 5282 4153 5247 9595 7048 2423 8057 
420 4901 3216 1729 3130 5005 1878 9950 8181 9201 4480 
421 5040 1595 5713 1503 3474 180 4408 1078 1278 
422 8921 7023 680 6199 8224 4084 9847 9528 8972 
423 9460 6158 2459 9779 4369 7302 786 3999 7045 7776 9141 
424 6408 9430 3980 1553 6803 8508 9998 242 
425 3809 9562 8361 8039 7799 2403 6306 9099 846 
426 169 3095 2184 7367 4379 4119 5023 7763 972 9664 7177 
427 6624 8079 8689 5819 3762 571 4888 4014 3969 1731 4926 
428 5816 1849 6455 9575 9655 1600 7472 9155 6603 5108 
429 860 9079 9107 5146 9885 2081 3199 4642 4382 6522 8778 
43 4100 3392 7680 7485 4363 2998 2973 5595 9402 
430 5588 7090 6372 5570 2626 7593 8984 8357 
431 9502 370 3574 4491 7950 2802 8636 4685 5367 71 
432 2350 8669 3158 9803 9673 3764 2798 720 5860 3807 5711 
433 458 891 486 3355 645 7938 259 4784 2534 3793 1671 
434 9653 899 1234 7338 4420 1610 8341 4999 3570 5918 
435 5099 725 9239 3260 9508 3696 3102 6409 5519 1144 9540 4088 8697 
436 9731 293 5300 942 3811 4212 9995 8894 8748 3464 5441 2336 4845 
437 1190 9071 9763 3154 9559 4691 3452 5353 4619 1771 3907 
438 8953 4342 1537 6593 9302 4034 6393 4358 5838 8240 9839 
439 2082 202 1379 4925 5426 2892 8772 5020 7179 9494 5622 
44 6964 379 9115 5395 9083 2431 372 1298 1582 6449 4792 
440 6180 1591 2895 1241 7759 3088 2295 1314 7862 9689 4130 9792 
441 917 4970 2830 592 8159 4360 2454 4889 4907 9378 5272 
442 1040 3718 6654 1950 8021 7978 7798 706 5392 2223 9421 
443 2337 6493 6867 1525 9768 3249 2812 5909 8637 2897 5840 
444 3083 9822 2171 480 7495 3109 8912 7640 1963 5727 6067 117 9111 109 
445 2800 636 7336 6749 9147 5651 7844 6946 957 
446 3403 1984 4347 4463 4271 1789 4529 1270 3753 2576 9195 8595 2418 6704 
447 4583 4535 4394 5066 1205 9733 2977 9912 6771 3705 970 
448 4149 4785 8627 4552 4499 4170 7335 6831 8546 
449 5662 2817 5199 7845 2824 6022 4299 2189 9429 9050 3921 6126 5747 4303 
45 9791 7719 8532 9414 3866 9507 3394 9829 6492 6908 9040 7457 142 4735 
450 9760 6608 3370 9146 8364 5556 9532 9790 6645 
451 7636 8839 8336 6869 8716 9966 3953 5148 6599 3217 
452 5978 9991 7516 8436 7947 3361 3049 8786 9124 1621 
453 4865 4294 6563 4534 4520 3065 2651 2718 7443 4877 1987 5149 7079 
454 320 1888 7908 4300 2017 2751 6429 5763 4349 4656 
455 6801 3117 7188 5263 419 1460 17 6843 8693 3256 
456 9707 4670 2828 5592 6360 4291 8097 1687 2069 4714 1018 
457 3243 4838 448 4875 8402 77 6046 9800 4116 1843 2845 
458 7772 7164 8556 9932 8066 4791 3586 5527 2875 4503 8647 
459 2158 197 4858 2044 8221 1326 3389 7042 5950 3455 
46 545 9206 457 8990 1776 2935 5301 1180 7234 8793 6675 1218 8605 8586 7841 
460 8 9308 9149 5870 168 8643 1651 6296 7957 4825 
461 8354 6789 7039 1053 381 5549 2644 3292 6500 
462 856 2642 415 4799 4468 5613 281 7535 6033 
463 1459 1646 4193 8353 4285 7842 1211 1104 5858 4742 1029 
464 3678 2967 176 4348 8675 2028 3955 4232 3545 2501 9189 
465 6242 7412 6354 1969 5419 2492 2715 7696 6942 8145 
466 6184 6617 6679 2448 9112 604 7128 8133 1783 
467 2565 5895 6800 5897 3552 601 4366 934 8833 3994 3612 7692 8246 633 
468 884 2678 5245 2405 3258 7541 520 5989 6735 6386 
469 7614 5114 6422 7943 6136 7133 5213 3246 
47 9332 7513 5335 5211 287 9316 3582 2674 7828 6865 6582 4223 6588 780 4054 6674 
470 1655 6441 4771 6125 2328 9482 9718 5783 1512 8553 
471 4652 1273 6248 3037 4852 3621 5409 2046 5240 2485 6677 
472 3665 3658 8557 2267 2539 3215 1115 4657 1401 9913 
473 8941 8114 3008 310 4189 7724 1051 7715 830 2432 7639 
474 3137 8067 2697 2165 6149 9596 7239 586 8957 1281 2511 2783 
475 2890 9219 8452 2778 6027 69 3810 4354 5348 6931 8800 8220 850 2093 3927 
476 2117 9592 6690 621 5893 3490 6745 6999 1390 2874 
477 2627 8728 6200 5977 5037 6236 1737 9817 7279 2364 
478 1138 829 2720 4625 2997 1574 5015 8998 5881 
479 8099 3190 4545 4273 5567 1678 2217 4834 1132 7669 1086 5210 
48 8249 8434 3530 2332 5615 5800 9014 1142 2785 6918 5953 
480 3630 2242 2447 4112 1223 9903 1868 3329 338 589 485 1480 4138 
481 6521 1490 8596 6195 7361 6531 8578 8027 9961 9905 3795 4413 
482 5625 8448 3826 5159 5883 1135 1523 8245 
483 417 9752 967 4860 555 2731 8799 3884 5698 2653 3890 
484 60 8394 9770 3529 8499 8814 6710 789 8468 357 2772 
485 1293 7313 1334 2031 5610 3290 4980 4801 9231 4510 
486 8031 1807 1787 7229 6059 9455 3668 9411 418 
487 3091 9374 5514 9425 461 5558 7508 1636 8377 7937 8451 6953 6087 
488 2282 5031 1685 1021 1779 710 7113 2495 5297 
489 7712 2596 9864 5991 9554 6968 908 1752 228 
49 2369 3843 1220 6619 5399 4218 6300 3034 5743 5450 7142 
490 697 5889 5253 7936 6652 3987 1477 84 9234 4457 5975 6950 5544 2318 751 
491 7544 9347 107 7995 1354 3357 6419 1620 7557 
492 4425 1759 763 1492 6511 5150 6377 1793 1197 5830 9970 
493 4752 8101 9851 7331 836 1454 6191 9354 598 7596 5137 5046 
494 7987 45 7782 7450 923 1352 1753 392 6527 
495 2909 4981 9820 4424 8166 2917 7060 8948 7708 8682 
496 1960 3101 8797 8628 2500 8359 8664 5290 214 2657 5412 4953 
497 7572 2278 9510 7632 1155 7057 7504 7891 5586 8590 8879 
498 5538 3997 9692 5305 5865 9571 5853 8732 2523 
499 7498 8013 2578 3996 5550 8294 7324 7373 4933 5672 5736 
5 6506 8175 1728 6457 2896 5617 1905 9459 
50 6639 6594 4140 4076 5769 7160 6281 7874 9056 502 4107 6299 
51 4574 5868 8764 4126 1439 7503 155 3415 7156 9708 5371 
52 8927 2617 6925 6456 3151 2270 2355 4181 5317 3714 6226 7267 8911 
53 2476 2248 7865 8615 4977 5176 3003 8878 997 
54 5440 9438 3461 9711 4416 4166 2844 312 1908 
55 9067 8681 3 4077 8804 1032 3086 6101 5170 2537 2677 8247 
56 1262 7887 5564 4808 3132 3017 8090 2839 
57 3518 5232 9716 1159 3860 4851 3660 3161 3275 
58 3565 9066 2191 1769 3744 8428 6479 9610 6260 3629 9619 8684 6734 
59 1663 3729 1670 5439 1896 1907 9585 8975 5056 
6 3523 1336 3153 8040 2741 6103 2210 915 3859 7382 
60 3581 646 5013 8918 7025 4241 9021 2228 8785 2468 
61 6153 1625 42 9530 3270 3536 8025 3373 5798 9104 
62 3950 4586 4168 1002 522 7709 9317 7105 7835 7884 5183 9569 9551 
63 9312 8390 1077 6541 1496 8554 2252 4966 728 3977 6633 3573 
64 3759 2767 4629 7210 9442 9989 4866 6129 7192 708 2264 560 8958 1201 6956 
65 3453 7241 5295 4315 794 5443 6144 150 4563 6899 7901 652 2143 4522 
66 9102 696 1414 413 6414 6954 8837 4238 773 6312 
67 3548 5401 8264 4849 1590 9936 7197 6547 2289 2559 4828 
68 8780 1892 8004 7697 3961 7713 3827 2515 2192 96 5200 4161 9300 
69 9216 2860 542 1400 6434 9671 5493 9011 8143 8302 
7 8140 7977 1694 5135 6653 6258 2152 5107 8824 7562 5795 
70 9747 9035 2790 2111 7426 1727 4033 5386 3963 1198 8363 8683 
71 3682 2863 348 9291 8887 3531 1722 4226 732 9338 
72 2060 2879 2979 3820 6286 5972 6425 9874 9270 3985 83 1743 
73 6205 6595 4837 792 2795 5660 9478 2263 8852 6115 1081 7076 6155 8767 
74 478 7490 351 2065 7170 3547 7248 8462 8720 7141 
75 8722 684 5772 3182 7356 7489 9784 2329 4078 8570 5468 
76 9181 6669 759 7314 9529 2936 8350 6295 4253 2048 207 1515 7730 
77 1017 9521 9704 5929 6896 6130 2150 3755 9827 4891 8014 9693 
78 7004 6469 1601 6332 3071 5103 2602 6054 671 243 8853 6707 6996 
79 7939 6659 492 4323 9859 5218 3616 7256 6691 8043 
8 3745 4407 1019 3053 4766 1423 9265 3188 2272 7461 141 4941 5634 4704 
80 8746 2918 2959 835 1451 5179 1937 6075 7290 2882 2961 
81 7368 7329 5456 2157 8854 9735 9926 6941 2779 
82 3842 4187 7453 4938 4655 3653 5351 8440 8634 
83 8167 9108 7807 6952 5905 8011 9363 8319 3331 4986 
84 4703 9351 9449 5554 7796 8762 1044 8890 2598 7586 2746 6256 9349 
85 1757 8248 2647 3715 6808 6210 4717 8470 5130 3600 7927 8862 538 
86 8744 5730 7783 3736 1665 6574 4592 3027 3664 797 
87 3522 6052 496 4362 896 9898 8731 1495 3850 703 8069 2846 4229 1479 
88 2856 7521 2058 9953 9036 1084 4594 662 3313 9764 3493 4728 827 4511 9816 
89 4444 9422 6287 2092 7840 7672 4624 3590 2989 
9 366 3473 9640 4869 9398 4066 9159 6859 9235 5687 1796 2326 
90 8844 5466 9051 7659 8457 9968 1208 6157 7249 6607 3296 
91 3284 3264 3854 5462 172 2167 7444 1505 4914 6961 863 6421 
92 5268 2215 916 2356 2256 2911 659 5287 1994 2070 
93 2382 3681 9857 8208 4048 2274 6837 3146 5628 8413 
94 5307 507 7327 2144 8801 5391 5109 9705 3143 
95 1357 8609 6396 6545 390 1202 7801 7216 7437 
96 7357 6014 9207 3345 2850 1289 2391 4414 6893 6382 8850 
97 8010 8267 215 7183 6900 9318 9225 8951 7714 
98 6388 2952 4356 3192 5755 2379 9194 1988 8362 2340 1839 296 
99 4648 1488 8559 2458 5161 9038 6415 3096 7298 
