500
0 2812 6347 8970 8415 588 5094 7654 9694 6466 487 
1 3311 3683 4995 9993 2378 5502 9399 7385 2940 6506 
10 1165 6488 9710 610 8217 603 1292 8219 9716 1304 3651 9379 
100 6795 5467 5554 7639 5695 9828 4695 667 2940 5345 7751 6782 8970 
101 9399 3010 5113 6791 3658 4529 2353 588 1606 5751 794 8495 
102 9879 4901 9863 6727 7663 9274 9275 2745 9293 2755 2762 799 
103 4424 6483 5040 8825 7717 1865 4919 3658 
104 5762 3437 3771 9687 9680 9673 7286 7318 9655 7380 3513 3505 
105 5040 7717 1062 4202 1865 8415 282 5077 3407 
106 212 6316 7957 5345 517 3423 6506 7751 2328 
107 8495 7330 6975 1962 943 7177 6039 8970 8921 8415 4236 6566 9038 
108 5040 2813 7005 4202 6483 1865 7717 8825 4746 8701 
109 7717 5944 9584 5040 1865 4424 7330 588 8495 4071 7007 7018 1153 
11 2649 5934 3306 6632 938 9770 7867 9275 3441 215 
110 4424 4408 1865 7430 7717 2813 4202 8427 
111 2896 4400 588 6039 7229 1811 5609 4663 2603 7767 
112 6084 3210 1618 6275 1153 1681 3020 2459 2612 7007 5982 6928 9070 7767 9908 
113 1830 9290 2799 8577 5274 8830 2011 7649 5214 2645 8125 1506 
114 7751 1545 7128 3533 9922 9095 2671 9779 8390 
115 9633 7717 1865 4202 1169 8825 7534 8989 325 9786 3749 7541 5512 
116 3539 9745 1536 9633 6483 6201 2143 5742 4202 5040 1865 7717 9399 
117 2650 2033 8260 1968 1961 8328 1784 8467 1680 1637 1633 9881 
118 2079 4948 7538 7660 7300 4471 3833 3891 4586 8009 
119 4662 5345 7639 2940 7957 6795 2328 99 7751 5460 9922 
12 1811 7717 5817 9717 8495 5052 7177 2849 669 5113 1638 6773 4995 3683 9993 
120 9597 58 8781 2355 8096 9680 6727 3068 2810 1968 1110 
121 1562 3306 7867 7348 8972 8166 2649 2903 
122 1865 4424 7717 2813 5040 6506 1007 6841 7385 
123 588 8415 2353 5624 1813 4662 8885 1545 8970 5345 7751 
124 7741 3744 5214 9638 8232 1506 8878 3638 3643 3644 
125 2886 6684 3833 9935 7300 7159 8125 1265 8577 6566 4459 
126 2451 2896 8415 588 5624 4202 1865 7717 
127 7330 7177 760 588 3988 669 5751 1811 3891 3238 
128 7243 370 2886 8878 7538 9476 572 4313 3833 8476 5214 6404 7300 
129 9591 8625 4993 3810 7798 6197 616 9881 9879 1110 1311 1023 
13 588 5506 1855 943 8495 5633 2649 4371 3123 7348 
130 1811 583 4781 4770 2363 539 1031 6854 7069 1034 
131 1268 6751 5520 215 6275 5155 3441 3168 9509 1252 
132 9275 2355 9531 6764 3505 3521 9863 9054 5287 6727 
133 6183 5624 5974 1813 4710 5052 6975 669 6039 
134 7968 517 7286 3423 8885 2940 4369 9636 7617 2118 7332 
135 5056 2218 5586 9672 5452 9822 2355 8009 
136 7286 4662 2727 9636 3533 4695 5467 8970 3269 7515 7332 
137 6670 6573 6567 731 2037 9416 4101 338 9414 3651 4102 7721 4106 
138 6025 9935 4236 7243 8876 7300 1830 3833 3732 8707 7535 
139 9095 5345 5695 517 2940 7385 4662 7957 154 7692 8970 
14 3658 9399 7717 5520 5040 1865 4202 5974 935 9593 4951 760 
140 282 5624 669 9764 918 860 7867 3692 9381 
141 96 9593 943 1606 6975 7583 1050 8707 7300 8561 212 6881 
142 1016 2649 3306 6632 5344 6084 7717 4642 1811 376 
143 3683 9993 9399 9919 4995 5113 1811 7229 9038 3467 
144 7583 8495 669 2451 5506 3124 1893 9275 6554 5817 3609 4396 
145 8970 1968 6782 99 7957 2379 2940 9922 
146 4430 6240 4400 588 8415 5624 2849 2451 3688 9323 
147 2011 2645 4459 1945 4313 3644 1506 3833 6566 7649 
148 5624 8970 943 4390 5506 7177 2896 3859 9313 7013 9399 
149 6963 4952 1830 3238 8707 8703 639 641 6566 6184 8009 
15 4236 4586 641 7049 639 5214 9476 2262 5274 5586 6684 6566 8432 
150 8141 2752 4218 9416 5198 9414 738 5190 9410 2706 747 750 
151 1968 7361 6782 1545 2328 6795 7751 4550 8885 8970 
152 9433 3306 7969 9290 8808 2649 9274 2745 6157 5659 3458 
153 484 7794 282 5417 4176 96 669 8495 6084 6566 4459 7538 
154 3912 7639 8390 4328 5926 6593 7692 7751 7642 3269 
155 1865 2813 2628 4585 8825 7717 2131 1821 2961 
156 1271 9383 7459 7470 9818 7484 799 8328 9802 5075 2120 
157 1811 7741 8330 6302 7907 900 6602 9726 
158 3833 8125 8623 6684 2011 9957 9290 8190 639 5274 3742 
159 2042 7717 1865 1520 7741 1811 7505 
16 3250 5878 6413 5061 8215 4358 8217 8219 3405 7220 1260 1264 
160 9822 9928 212 3833 1506 5214 3638 6394 572 7300 6404 7649 4313 
161 5132 1053 7385 6347 9717 3609 4344 8199 4300 4315 478 475 2696 6978 2682 
162 4328 4695 1968 9922 5345 3533 4522 8011 2671 
163 1865 6483 5040 2813 7717 4424 7137 8415 2353 6347 5232 
164 4202 1062 7717 434 1865 6773 5040 7751 6795 3269 5715 5345 305 
165 5700 6266 1454 8949 7782 7784 7040 7789 885 1199 2510 9459 979 
166 1520 6483 484 5330 282 935 669 5077 1941 1301 
167 6084 4586 1830 7369 7243 4855 2645 6684 8243 8232 2886 4313 1506 6566 8995 
168 1099 2649 5344 3306 9770 5091 3123 3685 
169 5633 3439 9229 2649 9770 3306 9232 3123 3833 
17 8166 7867 9232 7348 2649 3439 3306 
170 6483 3123 9381 3692 3306 7348 2649 7685 
171 5385 1837 8634 1240 336 5556 1743 2269 2741 9908 9685 1301 2897 8889 
172 7330 7583 935 5751 1606 5637 6039 8415 4779 8108 2903 
173 7583 8970 935 7177 3638 9476 4236 2011 3833 1945 1830 4459 6684 
174 1610 8686 7536 1016 4919 3945 6999 3306 7904 1120 7867 3673 2649 4202 
175 8011 305 5219 7361 5345 5467 9095 2940 7751 3912 4662 
176 2259 4586 8623 7243 6404 212 639 8577 3363 8703 8707 5673 
177 4529 9399 3010 1811 7717 1618 2575 3020 218 
178 5467 588 8495 4333 6039 5624 5075 9818 9274 9275 1961 
179 1865 6411 5040 7717 1169 3732 8703 8878 3638 6566 1220 
18 3691 4586 3638 8703 2886 7994 639 7300 4899 8125 8561 4236 
180 1545 7361 7286 2940 7751 9779 3741 5554 5594 7957 
181 7583 2896 8495 8415 6039 3124 7867 3673 3306 1610 
182 7717 6773 4202 1865 5742 2042 2747 9139 7265 2464 1405 336 8889 7706 9908 
183 3020 7193 7007 1153 1618 5982 9356 6928 2254 8257 2743 7633 2464 8860 1060 
184 4202 1865 9610 4770 6773 3539 4475 9633 7589 5653 539 
185 2575 6928 5982 1618 1185 6820 1153 3673 7007 6437 5407 2011 4995 3683 9993 2809 
186 7534 7484 9068 7380 4458 1633 4391 364 1637 9786 
187 7786 2645 3238 6684 9935 212 7300 1830 7243 4779 8125 5274 
188 7128 3060 1928 4695 4662 7751 4550 4369 5345 2940 8970 8885 
189 9655 7286 9768 5565 1144 7885 8224 1529 131 5761 7940 2650 5762 
19 7515 5554 305 5460 9095 7751 3914 7385 517 8970 1709 
190 6566 2727 2011 3371 8707 4313 8718 8053 212 3204 7243 664 
191 282 760 5077 8495 588 935 7583 4333 1865 2813 7717 3539 5040 
192 2813 2628 1865 7717 5040 6773 4202 7043 1536 2605 2422 
193 2458 7639 7957 4662 63 5495 6782 4605 7385 
194 6347 4657 7640 9399 6924 402 9881 9531 9879 7380 
195 3441 7385 1855 5052 6039 588 5637 935 5695 2588 4829 
196 3533 3423 1545 4662 6506 4369 7751 517 667 5345 6316 8885 
197 5452 4948 6394 2645 4236 8707 6566 3389 2011 4586 9290 8125 8329 
198 6773 7824 5040 7717 5944 6506 2042 1865 
199 7717 1811 2696 3306 2649 1615 9139 8889 3788 2366 5385 
2 9229 6795 8011 9628 2940 9636 5695 7385 6204 
20 8873 1865 7717 6483 1169 588 3124 8970 943 1606 
200 2459 9609 6462 8052 1116 8157 2104 2575 1153 1185 6275 2612 5982 4071 6928 
201 2011 8703 639 9928 2645 9935 8718 580 
202 1169 750 8873 5040 1865 7717 6483 2042 9745 
203 7574 7385 3123 6347 3269 7286 9399 4529 3010 2262 8232 
204 588 7177 8495 282 1606 6506 4662 8970 517 229 423 8363 
205 304 364 1784 1231 5512 1227 7790 7798 7425 5138 8690 3237 4391 4387 1838 
206 99 6506 517 2887 6841 1968 7385 903 7751 6782 
207 3306 7867 3123 3692 9869 275 2649 4202 1865 
208 572 7300 1830 8125 1852 4586 7660 8623 9290 8577 8561 
209 3350 7798 1289 1271 9802 5417 1231 1227 4263 304 7790 3029 9786 
21 2328 7642 9828 8970 8390 1007 1545 973 7957 
210 1606 5974 5586 6404 2886 2011 4313 2355 8411 9476 
211 8390 7286 5345 8970 2940 7751 2422 1007 4380 1968 4695 5715 
212 3064 7867 783 3306 302 5859 1016 7348 2649 8166 
213 2645 4471 6404 8125 7538 6566 733 639 2259 1506 9476 4313 6394 8623 9383 
214 8797 9584 5040 7717 7571 6848 1865 4202 7183 1016 3306 7536 
215 2963 9680 6286 8538 9786 7921 5456 5075 364 9764 
216 3458 4735 5287 3521 3075 9383 1271 3948 3068 3055 7425 
217 3142 6084 669 2799 8495 935 943 588 760 4176 5417 3414 3912 5345 7751 
218 2799 588 6039 4176 282 8970 5052 8415 7177 980 2011 4995 9993 
219 9399 3658 5160 7640 1606 8970 1811 7741 7717 7706 
22 6206 6903 9494 5872 6584 1936 2171 3370 5877 1870 5878 
220 2940 9095 7286 8198 8011 6943 8970 5345 
221 7741 9177 887 4062 7658 6416 6934 7887 7888 7898 
222 4083 7717 9647 1811 6347 7385 6261 1153 6462 1185 
223 3598 6483 8825 4202 1865 5122 4424 2813 7717 5742 
224 282 7583 935 588 943 4176 4034 2011 4995 9993 9856 4867 
225 1865 4202 2042 5742 7717 7375 3613 3628 2897 3036 
226 6782 645 6204 1928 517 5345 6795 8970 2328 6506 7751 
227 1811 3668 5035 7485 2308 2319 2378 7597 7569 7551 2433 7526 2454 
228 9232 8808 8166 7867 3439 2649 3306 1610 4513 
229 7717 1252 2813 1865 8709 4424 5817 3441 4707 8717 3650 
23 1169 5040 1865 7717 5944 8873 4202 1536 8087 2315 4708 
230 1110 7286 1563 5005 3646 9383 9680 715 1633 1637 705 7491 
231 4396 6880 5869 8232 3643 5056 7049 3533 1830 3857 7538 7243 
232 1968 3914 3019 8970 4945 99 6782 9922 2940 4662 7751 7385 
233 7535 9702 8577 8623 2011 8703 8707 3238 1852 
234 5875 7767 1016 8634 424 8889 2747 4358 7706 8490 404 5114 
235 7697 1536 5040 7717 1460 6773 2813 1865 9650 
236 3668 1488 6247 7491 715 5781 1633 6924 4263 1411 
237 7007 2459 6928 3429 697 499 8157 6462 9662 3966 1153 5982 2706 5751 
238 8703 9235 4459 8718 639 8707 5274 9928 8125 
239 5473 5040 7717 1865 271 5495 8970 1968 7361 7751 1545 
24 1545 8885 5467 7751 2940 7515 5345 9095 5594 3423 7361 
240 4995 9919 9993 4852 1800 5751 7583 1606 588 6039 6240 8495 
241 2649 6876 3123 1811 7867 6003 7717 1016 8166 
242 2546 2649 3692 275 3306 4389 1099 5437 3441 5817 6347 
243 588 5467 5624 8495 8970 4509 3332 6194 3429 
244 8970 9764 6975 8063 3988 7348 7867 8808 3692 1610 
245 1545 7751 7128 7361 4945 5345 8970 9095 3912 99 2940 
246 9293 8623 7300 9383 5586 1830 3770 8718 2727 
247 8970 7361 4945 1700 4664 4662 154 7957 7751 5219 1545 9779 5345 
248 7177 7400 6347 6975 1606 5582 8970 9255 5974 7574 5467 6555 2459 1153 6928 1185 
249 943 3511 7583 1606 794 2517 1811 7717 5113 9399 
25 5019 7583 6975 5974 282 4333 1606 5624 7013 6084 747 8028 836 
250 9095 2379 7751 4945 2671 8970 99 1545 4369 9779 
251 7751 3912 4369 7957 2940 5345 8970 8011 3269 9095 
252 5040 1865 7717 8825 7740 2896 918 5624 1811 
253 9680 6653 4147 7663 503 4263 6683 6685 8690 2412 2407 2404 6023 2355 
254 3668 2011 4541 212 8125 4236 7649 8611 4313 7243 7300 6394 
255 4995 9993 2741 217 146 8701 2649 2228 3692 5609 275 7867 
256 572 4313 4236 1506 5056 8623 3204 139 2645 3238 5214 8718 7049 
257 9399 3238 515 3492 9768 7663 1271 7380 
258 5452 212 6394 1032 2011 3238 8232 7243 8125 6404 6617 9935 
259 3692 3306 8166 1562 7867 1099 9770 2649 
26 4430 6424 1606 6240 7186 8495 588 3306 1610 3123 7867 
260 8048 3238 733 8232 6963 212 4586 3371 4104 6404 3833 8561 2264 6921 8243 9476 2262 7243 4541 
261 8232 6394 6184 4541 1506 9383 4195 1220 5274 
262 1865 2813 1252 5520 9745 6483 7717 2042 1169 5751 760 
263 2145 9399 9655 9879 7380 6041 9425 8467 2412 2810 9863 
264 3644 5586 5056 4586 6727 1506 7243 2262 3833 4459 9476 733 9928 8830 5214 
265 8707 3274 3638 8009 5719 1945 4313 6566 2262 8125 5214 733 1830 6526 
266 1536 9584 1865 6773 7717 7861 3306 7867 2649 669 
267 7751 6316 2887 7484 7286 8970 9884 6593 8678 
268 8316 1865 7717 4202 6773 2612 2051 1618 6275 8327 
269 794 669 282 5637 8415 9587 6773 4202 1062 8172 
27 7229 1811 7717 6039 2849 588 5624 
270 6773 1865 7717 8172 9654 8825 4847 750 4202 7177 2597 669 
271 5741 9399 2587 3685 2649 1199 3306 7685 
272 4779 2010 3522 311 3002 4787 6522 6085 7389 5105 1746 2956 7292 3122 
273 7717 4202 1169 1865 4424 6483 906 6684 
274 588 8415 282 5417 669 5637 7981 4202 1865 
275 6286 3536 7885 8690 2159 2140 9764 2120 8736 7798 5762 6592 
276 6555 8512 7706 9632 1837 1016 8889 1859 9236 2747 5978 9908 975 4663 
277 7717 5509 5817 6347 7741 3123 1811 7229 7751 3019 
278 7330 3859 4430 2451 6039 5639 1301 3019 8096 
279 7361 3912 5345 7692 645 2940 7751 8953 9779 8970 1545 
28 7535 8611 2063 483 6566 2886 2727 1830 
280 2745 1633 1637 6247 8096 9531 7494 5792 2191 
281 8495 5751 7177 282 7717 1865 4202 5113 8301 9399 9002 
282 3306 2649 9229 1016 2451 8970 7583 3020 2575 6928 1153 
283 7470 8989 4901 7318 2568 4983 4993 7286 5034 5248 9655 5075 9680 5206 9697 
284 7385 99 2940 5345 517 7957 3912 2328 4662 5594 6795 
285 588 6975 7741 2517 7229 1811 1968 9881 1961 
286 1811 3359 6084 4642 9507 4995 3042 146 3943 1445 9993 9323 
287 2612 2575 7193 2459 5982 1153 6820 6928 8495 1606 3889 3705 863 9232 6602 
288 1865 9633 8069 4202 7717 1252 6773 5040 9596 3658 7551 6737 637 
289 5974 8495 588 935 5817 720 7574 5098 7051 2921 6932 
29 7243 1506 3533 1845 3833 2262 9290 212 6684 1830 8232 4236 2886 
290 4770 7717 5742 4202 4424 1865 8495 282 7186 588 1606 
291 4369 6506 4662 8885 2118 517 7286 4695 8970 2671 7385 6551 
292 7717 7741 1811 402 2612 5982 9070 1153 7018 466 6928 9147 5113 
293 9583 5235 1545 4605 2328 6795 2727 7332 5594 
294 3492 1592 3075 8736 3087 3852 1620 4355 
295 1865 8825 5742 7717 8512 304 7286 9312 4901 9619 3237 5900 
296 7330 5751 8495 7051 1623 6928 6959 6462 1116 6820 1153 8052 5982 3020 
297 7583 943 5624 7186 669 2649 1283 3306 1610 
298 4396 5040 1865 4424 8825 6483 7717 9516 3124 
299 4779 7103 3988 8063 8415 5804 3478 8300 4227 3316 
3 5379 7767 4784 4181 1405 3629 8634 4462 3628 4710 2124 7265 2603 
30 3517 9570 4424 6483 1865 7717 6185 6820 
300 6773 1638 3683 9993 4995 4313 1830 1945 6404 3891 4541 4236 2355 9383 7300 5214 
301 8011 4945 6782 4611 6195 4550 9686 1545 
302 588 5467 1606 8495 8970 8415 7583 5974 2517 6740 
303 8166 6180 7867 9261 3306 2649 9770 1811 9459 
304 8495 6975 7583 2353 1606 7330 1811 2337 6753 3668 7013 4995 3683 9993 1800 
305 4369 4662 3912 6551 2411 6795 7957 1677 9229 5345 8885 
306 4333 7177 4176 96 3685 4995 9993 6271 3683 9054 5407 8125 8707 5214 8232 
307 7583 7186 918 2645 9702 4586 8232 6684 
308 7692 1545 7128 4605 154 517 9779 7361 8953 
309 7013 7526 1589 9604 8682 7977 7257 703 1568 4809 694 
31 3306 3692 1610 5633 2546 275 2649 1811 
310 5056 212 8878 4236 8432 6566 6963 7243 2422 3638 7300 8611 7649 
311 9655 5075 3264 6533 7286 364 4185 6683 9697 
312 6185 6773 4202 4585 3808 2042 7717 1865 8330 
313 9038 8125 6566 9476 3770 212 8009 2262 3833 3638 8232 572 
314 9476 6963 9038 6676 6684 7419 8232 5673 3238 4586 4796 6394 5214 
315 506 4389 5609 2649 6632 3306 4111 3037 
316 4083 4603 7170 376 6880 9095 7385 9884 7751 305 2328 
317 6271 4513 9993 3943 4995 3888 9326 1156 1150 9291 9295 9298 
318 2849 669 8415 8495 7177 588 5417 282 1623 8491 3609 4657 
319 1865 9655 8825 7717 4202 6347 5113 8108 3019 8970 
32 8174 4858 6085 2925 3911 6522 4117 5072 4455 5451 3865 8548 4892 
320 994 1528 4697 9710 8949 8947 1497 8932 9716 8928 1519 4634 
321 8970 6782 7639 6506 5345 8885 2379 7751 517 3423 5235 
322 7013 6084 9095 8970 7286 2328 2940 7361 4662 9916 
323 8825 7717 1811 7075 5842 7561 2220 504 2219 
324 9275 2755 503 9591 3573 7700 5248 9531 5195 2810 7770 2805 
325 8825 1865 5040 7717 4424 4585 2813 3688 
326 5867 6394 212 35 4313 4586 2262 8232 8125 3833 1506 8623 
327 6795 7385 1151 4369 2379 9884 7968 918 7957 5219 5715 1677 
328 1811 212 6471 3439 518 6253 3473 1194 
329 6133 5850 400 3169 9642 9207 912 3178 5842 2643 7686 7689 3195 
33 6201 5653 8304 4202 1865 7717 2042 2813 8011 
330 6773 7717 1865 3539 1169 7224 5842 7228 9233 5829 
331 8232 906 2262 6404 8125 3533 5214 4313 7243 2727 7300 4586 6566 9476 9038 
332 1529 325 9274 9275 4901 5512 5501 1020 9738 7946 364 1289 1003 3349 3521 
333 8989 1784 2810 1424 4185 6653 364 8224 6931 9818 5138 402 9275 1068 
334 5274 8577 3833 2422 503 7786 4796 4313 9935 9038 9290 6684 
335 762 6753 7717 1378 7741 84 1811 6394 4586 133 6404 3238 6184 
336 5751 8415 2645 7243 2011 3384 212 8053 6799 6684 
337 4425 733 3467 8623 7243 8048 298 8561 9476 9935 6404 
338 669 8495 8970 9593 935 588 1855 1156 8441 5612 3245 9269 3229 8829 3193 7292 
339 6684 5214 8623 9476 2645 6727 8125 3802 9928 7649 3732 8878 3644 
34 7177 588 4263 3505 6154 8672 1068 3492 304 
340 7751 2328 5345 9636 4662 7332 2940 5460 5554 
341 3124 7330 7583 588 794 4400 3912 5219 5345 403 2940 
342 7751 8011 2940 4662 8390 5345 8970 7968 9354 3912 9095 2956 4639 
343 233 6727 6931 4263 7286 9818 1741 6023 7663 2140 616 
344 2355 5642 7543 9680 5287 7541 3349 799 9863 
345 1606 8495 7583 6084 1811 7229 7717 8249 9501 9426 9066 3665 6168 
346 4456 6795 6204 4662 2727 7751 8011 9229 645 
347 6773 6483 1865 4202 7717 5040 1811 7741 7013 
348 6753 1185 5982 3585 5056 2459 6261 9070 3020 6103 1153 6928 1811 7767 
349 8495 8921 8970 6039 4987 5974 588 5467 1153 5784 2612 5982 7007 6761 
35 1811 3912 6795 7751 6506 2940 4522 8970 5345 7286 
350 1865 3553 7717 3983 9633 8825 5040 3157 7751 5711 212 9830 
351 6928 8064 6820 1618 1153 5982 218 2575 6959 3808 348 4129 
352 4185 3258 9818 6592 249 7459 6579 5075 9802 3749 
353 282 7177 588 96 8970 8415 7583 8495 9275 3685 1811 376 
354 8495 6240 282 7330 588 3124 1263 275 7867 8166 
355 9564 1811 7717 1483 6880 2649 5711 8112 
356 7663 6924 2762 9802 233 6931 3536 6942 2810 5075 9786 3505 
357 2767 226 7717 9584 7183 1865 4202 3306 6876 5633 
358 2239 7543 4391 9275 5287 142 9881 8248 9879 1227 9417 9425 
359 8063 6039 7583 3124 7186 5624 6190 6424 1606 5751 
36 3385 6285 6154 7007 3429 1153 6928 5982 6462 7170 5538 4083 588 8970 7361 7751 
360 3124 5751 935 5624 588 1606 9261 3123 2649 3692 6632 
361 4655 5642 1961 364 2810 1144 9818 1161 8096 4864 
362 5695 4662 8168 8970 2940 2328 305 9922 5219 9884 99 5345 
363 7318 4655 5287 1003 6197 7770 3181 4717 5762 1020 1354 503 8467 
364 9399 5113 4995 9993 6773 4513 3353 7013 3668 2459 3429 2612 6928 9356 
365 588 5974 1606 7177 5624 2849 5417 9017 9190 
366 4202 1865 7717 6185 6848 5040 1016 5633 1263 7348 
367 7515 2887 7617 4662 305 8953 3019 9095 
368 4278 2575 7640 3658 6791 1240 2745 7330 5417 
369 5624 6347 8646 6065 9245 9698 9244 7638 9241 6718 518 
37 9935 6572 4586 9290 9928 907 4313 6566 3371 5214 2886 7243 2011 
370 1811 7741 7229 7177 7583 588 8495 8970 6347 6200 9399 
371 8577 9383 5452 6963 7538 4313 639 2886 4236 2011 
372 4717 9768 9383 6727 9786 5900 5512 1961 1968 5501 1289 7798 3075 7790 
373 376 8390 4662 6506 7751 1928 2328 5345 2940 8970 
374 2328 4662 9095 517 4380 4695 4550 3912 8885 
375 7867 2649 3692 7348 3306 3123 6910 8490 1206 9908 
376 4202 5040 1865 7717 6185 1169 8873 3123 7867 6666 1562 
377 8873 7717 1062 9584 4202 4424 1865 5624 6532 
378 572 5274 4726 9290 7300 3638 7243 1506 2886 
379 8083 2702 3662 9399 4529 3180 1811 7741 1297 8027 9480 
38 7243 3238 5214 4899 7300 3732 2645 3638 7538 8707 8125 4313 6566 1830 1852 
380 3306 6003 1016 5449 7867 2649 4202 1865 7717 1252 6676 
381 4333 588 3859 8495 2575 2612 6820 6462 7007 3673 7018 8930 6959 5982 3429 
382 5077 8415 1813 7330 8495 5974 3859 7013 3668 1520 6331 
383 4758 6753 7013 2649 6880 9239 4654 887 5982 9609 8157 6928 2612 9905 3875 1153 
384 7751 5345 8970 8390 423 2940 517 3970 6506 4456 4662 
385 2886 8707 7538 2262 8125 7300 2645 9038 1830 3238 
386 3685 9884 9095 3423 7515 4522 8970 3533 4662 7385 6551 7361 
387 2813 1460 3539 7697 7717 434 5040 1865 5742 9745 3688 
388 1865 6820 7717 4202 8873 5040 6483 5711 3685 
389 3123 8794 1562 9232 7348 3692 3306 2649 275 7536 
39 7717 6483 2042 5040 2628 4202 1865 9922 6331 9354 4662 517 
390 6506 5235 5467 3533 6782 5345 9095 99 517 2727 
391 3350 1131 1633 4391 233 9863 3029 5905 4956 
392 3429 1618 7484 1116 1153 1185 5982 3593 7037 8052 6928 2612 1016 2649 
393 212 2034 8623 1539 5056 3638 4313 2886 3238 9476 9702 
394 8390 6506 7642 2940 8970 5460 2328 761 7617 7751 3269 
395 3407 2262 2645 1539 3238 7300 8623 7243 8048 2011 
396 5624 8495 669 7583 1606 3979 703 3959 9379 9369 2627 
397 9290 9383 639 6799 8053 2011 7243 1506 6394 3638 4541 3732 4909 3384 
398 1811 2940 5345 423 517 7361 1677 2379 7286 
399 6959 2459 6928 17 1618 9583 9662 6820 404 2612 
4 8390 7751 9636 7286 7361 761 4605 305 1968 5345 9922 
40 1169 7717 1865 4202 6483 5040 7099 7385 4657 1453 
400 4391 5639 799 1563 3258 9680 3075 3513 1110 8467 5659 
401 1592 2964 7052 6924 3917 1227 9802 1784 58 7534 7541 
402 7717 4202 1252 8797 1865 7181 6347 5098 5305 8390 4662 5235 4468 
403 1865 5742 7717 2813 1169 4424 6201 7583 5333 588 2459 6928 
404 9476 1506 6727 3833 4459 2355 4909 6394 2886 8623 9928 
405 2353 588 5010 5637 935 5345 9636 2940 7361 7692 7751 4662 8970 
406 2649 7867 3306 8166 1562 7794 336 404 7265 
407 2140 9818 7470 8625 2755 5034 2762 7484 1271 5005 
408 9274 6157 6197 2159 9312 7543 1354 9881 3749 9879 9655 
409 3517 7717 1865 4202 8825 4236 4586 8232 2886 
41 2645 4586 3833 7243 212 9702 5274 4566 7300 5056 
410 7543 9818 2355 6147 1144 2407 1131 2412 7798 1110 4147 304 
411 8364 9383 7534 5005 1968 9619 3068 4735 9881 1144 
412 282 669 8415 7484 325 304 5512 9531 9818 1563 
413 7332 2887 5345 8885 4662 1007 4522 2940 7361 6782 7286 
414 8330 5356 8125 7049 3857 3643 1830 8577 4313 6404 5452 3638 7243 4236 
415 2262 1725 8623 3638 3643 733 8707 8718 6963 9928 
416 3810 1068 1131 7484 1143 1144 9293 1529 6197 1161 
417 4387 3029 5456 1161 616 249 9617 9619 2355 9275 
418 8415 8495 1606 7583 588 3124 9230 8825 4202 3553 6483 
419 1865 7717 5040 5742 4424 7740 8825 1811 1332 6167 3441 
42 2011 1506 3644 9038 6727 9935 5586 5214 7786 8830 4236 6617 6404 
420 1119 6795 305 7639 2328 9095 7692 1677 8390 
421 9928 7049 9038 3638 3833 4471 5274 6404 6881 7649 2886 
422 2042 5233 5040 1865 7717 8304 1811 3685 9830 2427 6347 
423 9293 2727 906 6394 4313 212 9383 6404 8561 3238 664 
424 9095 1545 5926 6204 2940 9884 5345 5047 
425 2575 2612 9563 8930 9329 404 1153 8594 6928 5982 3875 3585 429 
426 9399 1811 7741 7229 7013 5274 6963 6684 
427 7286 7957 903 3983 9884 3019 1545 517 
428 6880 9399 2262 3833 7243 2011 5274 8561 9476 2886 
429 5113 6791 3010 2587 3658 4829 2525 
43 9399 2140 9655 6931 1354 5512 1637 5248 5501 3458 1633 2963 3087 2964 4091 
430 8512 9399 2587 3180 4695 5715 3912 6204 6316 6506 
431 1153 2459 3429 2612 1185 5982 7018 6261 1294 6928 2575 17 2666 9399 
432 6975 8063 4333 2813 9633 5040 7717 1865 4995 146 9993 
433 7361 1545 6782 9779 6795 1677 99 2940 8815 
434 6937 8157 1185 2575 6411 2612 6462 5982 7007 5784 1153 6928 7717 1865 3434 
435 5040 1169 7717 4579 9633 1460 1865 9584 6185 7330 
436 2645 4313 6394 2886 4586 5214 6727 3533 8232 8707 7538 1830 
437 4025 8415 5637 8495 588 8069 7717 2813 1865 5742 9633 8825 9654 4202 
438 4550 7639 4945 3912 2940 517 8011 6506 5345 7751 4695 
439 6084 7593 5827 8687 5094 1603 6656 1677 9642 4008 6712 1734 
44 9290 6404 664 8623 3843 1506 298 3732 6566 4566 8876 6333 212 733 
440 5512 7543 715 705 9410 8199 7663 5075 6592 8781 
441 5417 9764 3124 6975 669 2353 7229 1811 6084 7051 
442 1016 1099 3306 2649 4349 3998 3037 1165 4415 637 2752 
443 7717 7697 1865 2628 7741 2517 1811 9399 
444 7234 4779 8071 7841 2024 2156 2146 8387 8402 8439 8441 8449 8456 2069 2010 8313 
445 1811 1941 8570 611 8111 3175 9537 3173 610 9532 9541 4415 3172 
446 1316 4424 7717 2042 1865 5040 6084 1811 1199 
447 1811 2558 5945 5872 342 9710 3027 2433 338 8864 
448 9545 4393 6275 6928 6820 8930 2459 1153 7193 499 7056 2612 2575 7037 5982 2649 
449 2011 4899 3638 4909 1830 9928 8048 6394 9935 
45 2262 9476 641 3467 2218 5274 5586 7538 1830 6404 6963 
450 3638 7538 5719 2011 3644 7544 212 907 7649 8611 
451 669 588 1354 3771 9759 3075 5781 8989 2882 1384 5248 
452 8970 7692 9095 7361 2379 7751 4662 99 2727 1545 
453 6975 2353 7286 5047 7361 3019 8970 9636 7639 1007 5345 
454 2940 2887 4369 918 1119 99 1968 4662 7286 5715 7751 7361 8970 
455 8953 5345 761 4369 3269 9095 4662 7751 2328 5467 154 7617 7968 7692 
456 5974 8495 7177 5077 588 1606 9079 6240 282 1263 7330 
457 3692 1016 275 2649 3306 8686 1097 7717 84 1811 6084 
458 943 5077 1606 9764 4430 6975 3124 4623 4779 6483 1520 
459 6975 935 8063 1520 1252 1865 7717 2328 5715 7968 4695 4380 
46 3638 4236 9476 6566 3643 5719 3371 5274 8707 907 7786 4459 1506 3732 
460 6424 2451 5248 3349 1110 1968 9274 9275 2755 8625 8096 
461 7243 7300 9290 2011 4459 8125 6963 8703 2645 639 9476 68 3371 3833 
462 4586 572 2886 7994 8009 4459 2800 9383 6727 
463 7717 1865 4659 4424 3517 4063 4695 4456 2940 7751 5345 7361 
464 4424 1865 5040 2628 5944 7717 4202 3668 8052 3429 
465 6753 9593 5637 5077 588 5624 1811 7075 6389 3665 3663 545 
466 7385 3912 8970 2940 1007 5345 5554 3019 4369 
467 9399 4529 3010 517 5345 1007 5460 2671 7515 8885 
468 1099 7867 4111 3306 5263 8166 8794 3123 
469 1338 9993 4995 6773 9919 8701 3663 3665 6324 2695 2254 7629 
47 1811 6084 7717 7741 2140 3237 1572 1144 9881 9879 
470 96 5417 517 8970 1606 7177 588 5113 6347 6084 9275 6939 8403 6751 3441 7519 
471 596 7697 1865 7717 5040 4424 2566 4662 3019 
472 7385 4202 1536 2042 5040 1865 7717 8141 1144 
473 8825 2813 7717 4424 4585 5221 5653 
474 9079 2849 7177 7330 760 8970 282 9476 212 3691 6996 6963 
475 212 8577 8623 7243 8232 8611 6394 2799 7649 9928 8830 3742 5214 
476 7649 3238 6566 1830 8125 8547 3833 7300 7049 2727 4586 7243 4236 8623 4313 
477 5653 1865 2813 4202 7717 7283 6534 1139 6527 8538 3405 7040 
478 7583 5974 588 3124 8495 1606 6347 7574 7051 3638 580 
479 2354 5597 4796 4902 6098 8944 6117 6123 6133 
48 1811 7717 7229 7741 3668 7013 3306 7685 
480 5742 7717 1865 9610 588 935 7583 1606 5613 9593 2366 8634 
481 7741 2936 1811 7229 4529 9399 5113 6347 8935 7589 
482 1865 9584 90 8709 7589 2813 2042 7717 6685 7543 
483 7177 2761 8930 1855 3859 6975 588 980 6067 6240 5417 669 4400 4333 
484 8577 4236 8009 2262 4459 3533 8053 6799 1830 4948 3553 9928 7300 3238 702 8125 
485 4261 3668 7922 2517 1811 7330 1184 577 4455 7991 7781 
486 6566 8125 7660 2259 7300 7028 3638 5867 7243 9476 4909 5056 8009 6881 
487 3857 4195 7049 8009 4726 5214 3742 3638 4313 3643 6404 4471 3238 
488 3025 836 5127 2111 6737 9494 6734 3691 2129 5168 5180 6711 5190 5198 
489 588 3123 2649 3692 1462 3306 275 7867 
49 3306 275 5859 2649 5437 3692 1811 7717 6084 
490 2011 9928 7243 8876 2886 2799 5056 7049 664 
491 7717 4202 1865 9633 4102 9617 5943 9140 6488 
492 5741 5113 2587 4916 1811 4396 6564 9245 3705 3716 6545 
493 99 3269 5345 8970 1968 7286 9354 5467 7617 7751 2940 2328 7692 
494 8825 1865 7717 4202 6185 9745 6483 6997 3407 4995 3683 9993 
495 4945 2118 8970 99 7286 6795 9828 1677 1968 4369 7751 
496 4662 5554 2328 7286 2727 9368 517 5047 6331 8970 5345 
497 1811 7229 2517 1296 5742 1460 7717 5040 5473 
498 3638 6404 7300 2886 7049 6396 9038 3985 572 
499 5869 3638 2886 2011 9290 212 4313 8623 4276 4236 6995 7786 3985 
5 1606 669 5077 5974 7177 7583 5624 935 588 968 
50 9290 8125 9476 1506 1830 832 2011 370 8342 3732 2727 3238 
51 1811 1169 7717 6483 1252 1865 6848 5742 5040 8873 6324 
52 7574 9255 8491 3609 4657 6794 3429 9070 7007 6928 1153 2612 9356 2575 
53 9922 3912 305 1928 99 1545 8390 8815 
54 7330 6075 5637 7583 282 1606 2706 588 669 5019 6975 
55 5742 4202 1252 7717 6773 2042 5040 1865 6483 7957 903 
56 7300 9476 9444 8707 2051 6684 4236 5274 1945 8125 3638 4313 3396 
57 9147 1811 5113 939 7640 3658 9399 3465 3405 9551 4218 
58 5637 7330 7583 588 943 6084 1811 6985 5122 4202 
59 1606 3124 794 3840 588 2451 8970 7452 2546 9232 3439 2649 
6 1865 1252 5040 7717 2328 2940 4662 8970 5345 7751 1545 7361 
60 4541 212 641 1541 1506 3742 664 6684 5274 
61 9688 5655 4993 9617 9680 1424 9818 3917 9619 5075 7885 8224 
62 588 6555 282 5751 760 7531 2451 5695 8970 517 4369 
63 2849 588 8415 3859 1813 7177 3124 7583 1172 
64 9584 2813 9655 7717 4202 4309 1865 5040 5742 6483 1460 8189 
65 7300 8053 3643 8125 639 1830 3384 9935 8623 5214 8048 3833 7049 6617 4313 
66 3912 7639 8970 1677 7957 3414 154 9095 
67 4430 2896 4176 282 3124 5751 588 1606 7867 9261 9770 
68 7717 5040 4408 5742 6848 1865 1811 7229 6347 
69 8415 2706 96 8512 6084 1811 6947 8860 2939 3005 2464 2803 
7 7741 7229 6084 1811 282 6684 4899 6727 2218 
70 90 4202 1865 8709 8586 7717 1506 2645 1683 3238 5719 9638 3833 4236 
71 2706 669 1606 588 7583 3124 645 4662 2940 
72 9702 5274 5586 6684 4236 7994 7538 1506 3857 
73 2307 1289 9312 3646 7470 4864 2882 5512 9863 9680 1838 7459 
74 6782 903 2940 1545 7361 667 3912 7639 4605 6331 
75 2940 5345 7286 5467 7751 8970 6506 517 3019 7515 4662 7692 
76 1811 364 7459 4387 6286 4391 9863 6641 5512 2847 
77 8125 9822 5066 7994 9476 4459 7049 5274 4236 3732 2011 8650 
78 8237 527 1869 8079 6934 4516 577 2811 9213 1899 
79 5034 3237 1271 1289 8096 7425 9383 1529 5762 304 3236 9863 5075 
8 8623 4313 3638 3643 9383 2645 3238 8232 3833 2011 9928 
80 3620 9444 6394 298 9928 2727 9935 2645 7243 8460 
81 6483 5944 5742 7717 1865 434 1169 2813 9584 6975 2799 8495 
82 4236 639 6061 212 2259 8125 9290 1830 733 7243 1945 8232 778 2886 
83 2896 5624 5974 8415 5399 9345 3233 8728 3684 6405 3963 
84 4424 7183 5040 1865 7717 5742 2328 1709 8970 7642 5345 
85 5345 6331 5594 4695 2940 99 7286 1968 3423 4662 5715 8970 
86 1633 1301 2191 1144 3019 9843 5781 2173 503 3029 4956 
87 1865 4585 8825 5944 7717 667 1677 2328 6795 
88 8472 5113 9399 1540 5264 4232 1727 9299 8686 2649 6632 
89 7229 1811 5617 2940 7385 7751 9095 8011 
9 7786 7243 9038 3732 6404 3691 6394 6676 5274 628 3238 9702 
90 7717 1865 8825 5751 6975 8970 7177 588 3859 4176 1506 2799 
91 1830 6404 8623 8707 2645 8232 8577 3638 9935 3533 9476 4586 8125 
92 2813 1865 5040 4424 7717 6848 5742 7013 6437 1108 2649 
93 3917 2963 5034 1968 1961 6924 6931 1384 304 6641 
94 5345 2940 9095 3019 1119 9229 2727 9583 5467 
95 8825 2813 6483 1865 6848 5040 7717 1252 9312 7697 
96 8970 1606 7583 2849 943 8063 2799 6039 419 2143 
97 628 7824 1865 5742 9610 7717 5040 6820 4202 1354 
98 8825 7717 643 6483 1169 1865 1811 7741 420 4232 1861 7013 7517 
99 4529 9399 1816 336 6003 4246 84 5978 7794 7265 8889 
