500
0 4644 3005 3297 2279 273 4821 3417 9301 6859 3053 1207 
1 4644 1181 246 2331 3743 9636 7837 8981 4726 3417 
10 3005 871 4644 6269 3523 1122 3417 4667 578 3859 1336 
100 578 3005 4726 3523 191 3473 4667 5634 9265 
101 3005 578 6269 8040 4644 4667 4726 7285 4407 1181 3523 1020 1323 8743 
102 790 4667 3743 4644 1905 2279 2741 3053 3417 1336 4766 7977 3005 2787 
103 1181 246 4766 2741 3417 1276 8949 3523 1905 7459 3053 7228 3005 6506 3743 
104 3005 3743 8618 2202 4644 366 3153 871 4821 8416 8260 2085 
105 790 2279 4721 6859 4644 4726 3053 871 5069 1276 273 3743 
106 5330 2486 1336 8618 8040 4644 7115 4667 1181 8824 2787 8549 790 4766 6859 
107 2741 3005 4726 6506 246 3297 2586 4941 1181 9301 2279 5135 871 790 1728 
108 871 4644 246 1728 2279 3417 4407 5704 2741 4293 1181 7977 2085 6002 
109 871 578 4644 2486 1181 8052 3523 2787 3005 2202 4667 366 
11 3153 2551 4644 578 1728 6859 6506 9745 3523 4667 4407 
110 1581 9265 3053 8416 7174 273 3417 366 4644 3005 1230 1020 
111 3523 4766 3005 578 1336 8040 4726 915 2486 8203 1423 9132 4086 
112 3005 246 4644 3153 3053 3745 2331 4293 2279 9640 1581 8040 
113 3005 578 2551 7155 1336 8981 5107 278 366 8824 
114 8618 3743 9640 2486 3005 6506 2787 9440 7837 7459 2279 2202 9265 4985 
115 3005 578 4644 3473 6506 3375 5330 2551 4821 
116 4644 9398 6506 9161 3743 3523 8052 2279 3530 
117 2279 7174 4407 2197 3523 2551 5330 7977 3024 
118 3005 4644 1336 3053 2787 4726 2586 3153 4293 4721 2896 
119 3005 4644 3745 3523 1336 505 4985 5634 2486 1905 9636 2741 1796 9265 
12 8040 4726 8981 4721 2486 578 8618 273 3417 4667 5509 2335 1581 
120 3005 6859 2331 4644 3417 4726 3053 2787 2551 915 
121 3005 8750 9132 790 2279 8203 1336 915 3053 5135 4667 3297 
122 1336 7174 6269 3523 9636 1276 8045 246 578 4086 4726 
123 2279 4726 3153 1336 1181 5330 3745 7977 4721 8045 8040 
124 2279 4726 2486 366 578 1905 3297 1181 7734 4060 7049 7157 
125 4644 3005 790 8045 2896 1181 2486 8203 5234 1581 6506 1905 2741 
126 3005 366 246 2279 6859 4407 273 871 4941 9398 8618 4721 3743 6269 4293 
127 4726 6859 3005 790 1336 2210 6506 278 9301 7028 8549 273 5069 
128 4644 1336 2741 3005 4407 578 1581 6859 4766 7115 1181 1905 4486 6457 
129 578 4644 871 8040 4766 3005 1336 6506 1181 1581 9887 1020 8618 1694 
13 7837 1336 3005 8618 246 8824 9398 366 790 5682 210 9640 2744 5617 6698 3743 
130 5330 3153 4644 6506 790 8618 6859 6103 353 1423 3523 
131 4644 3153 246 578 3005 8423 4667 3523 6269 9265 3473 3888 
132 3005 9688 1276 9132 2279 8203 9887 8981 2741 3523 1796 4086 3375 6991 8040 
133 4644 2486 2279 578 9132 7837 4721 3005 2896 915 
134 4644 4667 9887 4293 6859 6267 7977 1336 3417 3005 3153 3895 
135 6506 3888 2279 5107 9161 8203 5069 7233 
136 5107 4644 9440 2741 2787 4726 3375 6002 7503 3053 
137 3005 4644 790 2279 7977 2486 4880 6506 2586 5634 
138 3523 578 3005 1181 4667 366 1796 4644 8824 493 
139 4644 6269 3297 9688 6457 5069 4821 2586 9887 4027 2279 
14 4644 3005 790 8040 8549 273 4407 493 1423 3743 7228 
140 3005 871 8203 790 3375 6257 2896 6991 3745 4644 9132 3417 1220 6859 4134 
141 6859 3523 2279 578 3743 1905 4407 2486 366 2896 7233 
142 3005 246 2279 5330 8040 578 8389 1336 3523 1581 4027 5234 9640 
143 3523 2279 3743 7977 915 3745 8040 273 5330 1694 
144 4644 3743 9887 1336 7461 3005 2279 3417 3375 915 8040 5330 
145 2279 3005 3375 3417 8186 4726 8981 5687 8549 4766 
146 366 2486 9265 6269 4644 4726 2744 4721 5617 1276 3005 871 1336 
147 4644 790 4293 9265 2896 3417 4667 4941 8203 4766 4407 4726 
148 3005 5330 8040 3523 9398 9161 2486 4821 2279 2787 2183 3766 
149 4407 871 2279 2744 3523 9887 4644 3926 7049 6859 9132 278 6991 
15 3005 1336 366 6859 4667 7977 246 4721 6267 790 2279 5330 
150 2279 4644 5389 3523 790 4667 4486 8549 8052 5687 1181 
151 4644 4726 2896 3005 4667 3523 4880 1276 3745 6859 2279 
152 1181 4644 2279 4726 2744 246 4407 2085 578 5135 3523 
153 9636 2279 1181 2586 9132 4407 4644 9235 3745 631 4667 1581 
154 3523 6457 4407 5135 2787 366 6859 7115 3494 276 
155 790 3745 4644 1694 1905 6506 7734 366 2586 182 
156 5330 2279 1181 8040 3005 578 1336 790 2202 6506 7233 2085 4726 
157 4726 4667 4644 2279 1905 1336 8040 482 578 6258 450 926 
158 4644 246 3053 3005 9132 5525 7155 915 871 2331 6269 9636 1181 4726 
159 871 3417 3005 1020 1905 2551 9301 3053 4766 4726 8949 4086 5038 4704 7459 2741 1728 
16 4644 3005 4721 2486 3743 1019 3926 4766 1905 871 4941 3745 273 
160 273 8040 3523 2744 8618 3005 3494 1694 4644 2896 1336 578 
161 4644 246 578 2279 7233 2486 2744 7155 8040 3523 3005 8549 
162 6506 472 1905 4644 2085 5107 8040 9640 3375 3005 
163 9398 3005 6506 2486 790 2279 4086 8052 4407 7028 6675 2331 
164 4644 5330 9132 790 6506 2279 5389 8203 9526 4726 
165 3005 4644 4726 2486 9636 3743 8045 5617 9526 
166 2279 3523 790 3926 6859 366 4486 246 4027 1020 3745 6457 8981 3375 
167 246 4721 1323 578 3375 6859 7559 1694 3005 1336 3743 
168 3005 3523 4721 9265 7155 2085 1020 482 3297 578 6859 8040 7233 
169 578 3005 4407 246 2744 779 9159 4667 6859 1230 8824 5350 
17 4721 3523 4644 2741 9640 7028 273 7115 1181 2744 6859 
170 9640 2486 4644 4766 3745 8618 3417 3523 5330 3743 4821 8949 6991 
171 4766 3745 4941 6859 5069 141 5330 1694 9526 191 2787 3053 9688 3005 
172 578 4644 6002 4726 9398 5330 8618 6840 2202 7028 
173 3005 4644 8040 1181 3053 8203 3745 3153 2551 6859 2586 9636 4407 871 
174 4726 3743 3523 1336 4644 9640 1694 366 790 8203 
175 4644 8416 9636 4726 1181 6103 4293 2741 4880 9265 1336 2744 
176 3005 4667 273 4721 1336 1905 4726 4086 1276 2202 5961 2586 366 
177 3005 5330 6506 4644 8981 1796 9265 9688 7028 273 3375 4667 1181 
178 2279 4644 2741 3005 5107 2787 6859 871 3417 4869 1181 
179 3005 2279 4726 2486 5308 1336 4293 3153 5135 6258 6598 5069 8170 
18 4644 790 6859 6506 9688 505 3153 2787 6468 7447 3417 6249 
180 871 4644 246 4407 3523 4667 2586 3153 578 790 3005 366 1323 
181 2279 1336 7233 2744 1181 1276 3153 5107 8389 8618 779 4821 
182 4644 3523 578 4667 3297 6506 5330 3888 9640 
183 3523 9640 8824 3005 7174 366 3417 246 1181 7233 2279 2787 
184 3005 1276 2279 3743 4644 366 482 578 1020 273 9265 3417 8140 9640 
185 3005 1336 8618 2202 3153 2279 3417 790 7028 2408 4766 4407 
186 3005 3743 5330 8040 4086 915 6269 949 141 2744 4644 9688 3523 4821 
187 4644 246 3743 7155 2486 8175 6859 5069 4407 790 7461 8203 
188 4644 8549 9636 4721 1127 482 366 5754 2744 6698 
189 4407 4644 366 1371 7559 4486 4721 2335 9301 4667 
19 366 3743 3005 4644 1694 8469 8743 246 4060 8824 8549 2279 
190 4644 3743 2896 8045 7837 8618 6859 278 4956 
191 4644 4726 3417 6506 2744 2787 1020 6267 2279 
192 4644 4407 4766 6506 3926 5330 3417 1463 2202 1336 2787 
193 4407 4726 4086 2486 6506 4644 4941 154 273 3053 3743 1336 5330 
194 3005 366 915 2279 3417 1181 5389 4644 2408 4667 8743 
195 2279 1336 3417 1905 4721 790 1581 8040 3005 4086 2741 4644 
196 4644 8052 3053 4721 3523 4726 6269 5069 5617 5038 5135 
197 2279 4644 8040 2741 1181 3895 4667 4721 1796 9301 8743 4486 273 
198 4644 790 578 2744 1181 2279 366 4407 3005 3297 5011 
199 4644 4293 2279 4407 6103 4726 3523 4667 5389 6859 
2 578 4644 3417 2279 3895 8203 8423 2744 949 5678 2408 
20 2279 4726 5330 4486 4766 2486 482 2586 2741 2787 3743 
200 3005 2279 8052 3523 4667 1181 4721 5330 4726 915 
201 3745 3743 4644 8389 8618 8140 3005 1905 790 8342 9301 9159 2741 9450 1423 
202 3005 1181 1336 3745 366 2279 578 4644 9636 8981 5125 
203 3005 1336 366 2787 4644 246 9636 8549 3473 9265 1581 4086 2279 
204 4644 2279 4407 2787 1020 4726 6698 1181 3473 9640 7977 366 
205 4644 578 4667 3005 6506 1581 1020 915 1694 1072 8507 2744 
206 3005 2279 6859 790 4486 2486 6258 4293 1336 4721 4726 9935 
207 2279 5107 1020 790 3417 3297 2744 5389 3005 2408 
208 3005 4644 790 7977 246 8040 4486 6267 1336 4726 6506 8549 1423 
209 3523 4726 4644 2787 9398 4086 9688 6991 5107 5754 7977 
21 246 2279 9265 1796 3053 5509 2787 4726 8618 6859 4821 3005 9935 2551 
210 2279 915 4721 7233 3417 8203 2586 2787 3297 6506 
211 3005 4644 2486 1336 790 4293 5330 8618 8140 2279 4667 4976 7115 4134 
212 2741 3005 4721 4486 2787 2279 3417 8040 6859 9440 9887 3523 
213 4644 1181 3523 3745 4726 2741 3888 6506 1336 472 
214 3005 2279 366 3417 4644 9265 7559 578 790 246 9636 
215 3005 5330 273 2741 1336 5135 8549 3417 9640 6840 2335 4869 4766 
216 4644 2787 8186 4667 2279 4726 4782 578 
217 4644 578 790 273 7028 2202 246 3417 2279 4086 8549 
218 3005 4407 1336 3743 4644 2741 8469 3417 366 578 9398 1423 
219 273 4821 7049 3053 2486 6258 4941 1796 1181 9265 6991 3005 4667 3523 9576 4644 8416 450 
22 4644 1581 8186 4726 2744 7165 4766 7837 2279 7233 
220 3005 578 4726 1323 1181 1423 1336 1122 7559 366 6103 2486 871 
221 4644 7837 3005 7028 2486 4721 1905 6103 6269 9636 4766 
222 4644 6103 191 472 871 6269 4880 7559 578 7977 
223 790 4644 3005 4821 6506 1020 4667 6859 2279 246 1336 3523 
224 3417 2279 5634 4644 482 2744 790 4486 5525 5509 7459 1336 
225 4644 5330 3743 3005 2744 6859 8175 1181 1796 9265 6506 790 
226 2279 2486 8186 2408 779 1181 790 6859 1020 3743 8618 3005 
227 4644 1181 8040 790 3005 2279 1323 3523 3153 8203 1336 578 
228 3005 246 4726 3053 4941 1336 4293 1423 2279 482 4766 4086 6859 7115 
229 2279 4726 578 3417 6859 6269 3523 4766 9132 9646 4667 790 
23 4644 1336 8040 3005 246 3053 3895 9688 9293 6506 8549 8389 366 
230 4644 9265 949 6506 8549 2787 493 9688 246 4667 2486 4821 1122 
231 4644 3005 273 9440 2551 8040 1336 915 8549 2279 6519 
232 4726 5330 1336 2551 2331 3005 4086 4667 4644 3523 8040 
233 246 4644 8040 5107 3523 2279 8618 273 6991 1323 5617 
234 2279 790 8052 2787 4644 4766 2486 4486 4721 2741 2335 
235 3005 1181 790 2551 2279 3473 3417 3523 493 4667 
236 4644 9640 3005 8052 8203 4869 2279 2085 9159 2741 3053 8342 3297 
237 790 8203 1276 871 3005 6859 3837 3743 4293 9398 2279 4667 1181 
238 4644 1336 4726 4667 3005 4766 4407 790 6457 366 4086 3743 
239 3005 4644 7115 2741 9636 4726 1181 1336 3417 3523 472 
24 3005 790 9640 3743 5135 9161 871 4880 5330 7115 2152 6859 
240 3005 2744 4407 1181 3417 2202 8052 239 4766 5525 7028 8040 4086 8549 
241 3005 2486 790 1905 1336 2331 4667 8815 9636 5135 4644 8743 6258 
242 3005 2279 1423 1336 4726 9301 4086 8469 3417 9265 790 5330 6267 
243 4644 3297 2279 3523 2741 1020 3417 9398 578 366 4880 
244 4644 9265 8203 2202 8052 2744 6258 1581 246 4407 1463 6786 2896 2939 6598 
245 578 4644 246 3005 3473 4667 8203 3523 182 2551 
246 1336 1181 4766 9636 2486 3005 578 6269 1122 8750 5330 3888 
247 3153 3523 4644 2279 2202 8040 6269 8260 4721 3743 1336 
248 3005 4644 246 3297 366 4721 5330 4766 6103 3530 3743 4086 
249 4644 2279 6859 3005 366 4726 1336 1276 2551 2896 6269 3053 4486 
25 4721 366 3297 4726 6859 3417 8423 790 3053 4407 3888 3005 1796 
250 3005 3523 9398 578 2085 1694 4726 9265 4766 3888 3637 4407 
251 3005 790 2279 3053 6506 8416 4721 8824 5011 
252 2551 8040 3005 7977 1336 6840 6859 915 6249 6506 871 3745 1905 
253 3053 3005 5330 2279 4726 8040 871 779 4407 4766 366 
254 3005 4644 7977 1336 1581 246 1796 6103 7459 6457 2279 8040 3297 1276 
255 9688 5069 790 1694 4667 8618 4726 2486 7028 2202 5234 2741 2787 3005 2551 
256 4644 3053 4721 3005 7232 578 273 6859 6002 
257 3005 3523 4644 3153 1581 2551 3417 6103 6859 7459 8203 5389 
258 4726 1276 6506 7155 3523 5069 7028 4644 2279 
259 4644 4726 8743 949 1905 482 5069 5330 8203 4667 1796 9265 4704 
26 4644 246 3523 273 7837 6269 578 4667 4486 2744 2486 9132 
260 273 4086 4667 1423 3053 1336 1323 7028 7233 6675 3005 3926 5617 3153 4486 6258 
261 4644 1181 790 9640 8549 4667 949 8203 9301 1020 4407 5442 2279 2741 4880 
262 4644 790 4721 2744 3523 9265 6269 4667 5234 9636 2279 
263 246 4644 3005 578 3523 3153 5330 8750 2279 
264 1336 3005 1905 1020 4721 4941 5107 7155 2279 2741 6698 9235 
265 3005 6506 1336 4644 790 273 9935 2586 3766 366 9265 8743 
266 3005 5330 4726 2279 4721 3523 578 4066 366 
267 5330 8040 141 4726 8111 4644 8750 7447 3714 1181 2279 1905 
268 4644 3005 4721 2744 4726 1423 9265 790 1336 6258 4667 1276 366 7233 5234 
269 3005 4644 5135 6506 6267 4667 3745 1336 7559 1694 
27 3523 4726 4027 5069 1336 3005 7155 3417 1905 2486 8203 141 5634 2085 
270 4644 8618 790 2279 2744 2787 1181 1323 3417 4726 6840 246 3745 1423 3926 
271 3005 4644 3523 4721 7687 578 2486 1181 7028 
272 4721 9640 4644 6269 6457 5634 1020 4407 5069 8824 3743 2744 
273 1694 6506 790 9132 5330 1181 1336 7321 2279 5474 8815 9640 8618 7028 
274 4721 4293 7837 3153 7232 8618 2279 8750 
275 3005 790 578 2551 3053 1336 4941 9265 2486 5330 3153 8793 779 4821 
276 3743 4644 790 2896 4407 8203 2331 3005 6859 7459 9132 578 
277 2486 4644 9636 6457 8618 578 4726 4766 1336 9398 790 4293 
278 4644 2741 2787 790 1336 8618 6506 1694 4726 7977 2331 4486 6698 
279 3005 2787 2741 1220 8618 3745 482 4644 1323 4407 5135 7837 8040 9887 
28 578 790 4293 4644 4486 9636 1336 4721 6506 
280 871 8549 2741 4821 2279 4644 1905 7115 790 482 4869 
281 3005 4726 790 1276 4486 4644 366 4721 8618 9301 6269 1581 4667 6457 
282 4644 578 4667 9640 7233 366 2896 4766 3837 2586 1323 2486 6506 
283 1336 2279 4726 4766 3417 4644 9636 493 4721 
284 871 8040 3005 4644 9887 3375 2279 3743 8750 4721 
285 3153 4644 4726 2202 2279 5634 790 5107 3005 
286 3005 4726 8052 6859 3523 4644 2202 2551 4721 4407 
287 3523 3005 7028 6506 3743 9265 2744 2551 4644 3053 915 1323 
288 3053 2279 246 4644 4667 3005 8040 3417 9159 871 3523 6266 
289 4644 3745 1905 246 8040 2279 2744 6619 5872 3267 2741 9636 
29 1336 366 6859 8052 3005 3297 1276 4407 3417 4726 1019 1694 9159 
290 4644 3005 7285 4821 6840 1181 1020 6506 1371 8203 3523 
291 4726 6269 4644 6859 3297 273 871 6506 2586 3523 
292 578 3005 3523 2741 2279 273 4486 8618 4721 6457 
293 7559 4407 2486 3417 1323 8618 1581 3743 631 9640 1181 8824 4726 5795 9301 2741 
294 4644 1336 4407 790 3417 6267 3005 2279 8618 1905 3743 3153 4667 
295 3005 4644 8040 6859 2124 4667 578 7977 2787 1423 4821 
296 4644 2486 9640 9688 578 1181 3743 779 915 4726 1336 6698 6840 4941 
297 2279 4985 1181 1323 4391 3417 631 472 6269 4667 3153 2202 5330 
298 4644 1181 2279 1905 2408 1336 2486 3473 4956 1423 
299 6698 790 3417 4644 2486 4976 182 915 6506 2331 8052 
3 273 4644 4667 5069 2744 4721 2486 3743 790 4086 6991 4880 
30 4644 3005 3494 3523 1336 915 8040 1694 4726 3926 8949 4345 
300 5330 4644 1423 4293 2210 3297 790 8040 2744 3417 
301 3895 3743 8203 3523 2279 2787 4644 4407 2551 3005 6859 
302 4667 3005 6506 8981 790 1336 6267 2744 5754 6991 3743 5509 
303 2279 2744 3417 366 273 1581 3297 3523 8040 8981 4821 1728 
304 578 3005 4644 2279 6506 9636 2744 4086 2551 3743 
305 4644 6457 2279 1181 790 3745 3417 8203 1905 141 3005 4486 
306 3005 2744 790 7174 1336 273 2279 246 9265 8040 4293 6457 4486 
307 3005 2486 2279 9132 9688 2741 4644 8203 2085 2331 3926 9526 3153 1181 
308 4726 3523 578 6457 1323 482 5795 5135 2744 1905 
309 5330 915 2279 273 8203 1905 3523 5011 3745 
31 578 871 9265 1905 2896 3005 9640 4667 9887 1694 246 3745 3417 1230 1181 
310 4644 578 3005 790 1181 2744 2586 3743 9745 5011 2486 4667 
311 1336 3005 2551 3523 6859 5330 366 2202 276 1423 9688 6991 
312 4644 5330 1336 3297 4721 6506 7977 3053 9640 1694 7155 7233 
313 1276 2787 366 790 6859 7115 2279 1336 3523 2331 2586 6698 
314 790 4293 7837 3005 4667 3743 8203 3297 2721 2202 7582 246 9265 
315 4644 9640 1336 5509 3523 790 273 2787 8618 7461 2896 3297 4985 4941 
316 4644 366 2741 6859 2787 3005 3745 1020 1336 5330 4721 4726 
317 4766 5135 2741 246 3153 8549 6859 4486 1905 3745 790 7837 2486 4644 
318 3743 1905 4407 1181 4644 2486 4293 3417 4667 6258 4880 1978 7381 
319 6859 3523 5330 578 2551 4766 1122 915 2279 9159 
32 8040 4644 3005 3153 6859 7115 4985 4667 3417 2896 3053 366 2741 5330 
320 4644 3743 2279 3153 5330 6840 1694 6506 8824 
321 3005 1905 4644 8618 3745 5234 1220 8981 6506 379 5011 790 3153 2085 
322 4644 8040 482 9526 2486 3523 578 2744 5330 1905 1336 
323 2486 8040 366 1181 3297 6859 2279 915 3005 9676 4667 2787 790 
324 4644 2486 2279 7174 4821 7734 2314 8203 
325 1336 790 6506 915 9265 5135 2486 6269 4667 578 4721 1276 3417 
326 4407 5069 1181 1323 578 366 4721 2279 4486 3523 
327 3005 4644 3745 4086 1323 5330 7559 2486 8040 8949 9440 6266 1336 8618 1181 8743 
328 4644 790 2551 1905 3926 8416 3005 4726 6506 3523 
329 4644 1336 578 3005 4941 8040 7977 6991 2486 1181 3153 6506 9301 4667 5687 3926 
33 3005 4086 4721 2279 578 3523 2744 273 7285 4644 
330 246 3417 9640 3005 3523 8040 7155 4667 1122 1423 790 4644 
331 4644 3005 3523 4721 1694 7028 9636 2210 
332 3005 4644 1336 9636 4766 5107 1905 3926 3523 7074 2741 
333 3743 2279 4644 9688 871 3494 7559 4407 3888 7285 2741 
334 4721 8040 4644 2586 2744 6698 191 7115 2197 6269 1423 
335 4644 2744 246 4407 2486 3153 6859 3743 8618 4721 3888 5011 
336 4644 3417 3153 1181 4667 4766 6457 1020 4721 1323 2551 2486 4941 
337 3005 4667 3153 2551 4644 915 5069 5634 4726 779 
338 578 6103 2744 2486 3005 6506 6840 1072 4726 8618 4644 
339 3005 6258 4667 6506 9887 1694 8203 2279 8618 7887 790 4644 
34 3005 3743 4721 3745 133 5069 4644 9636 8792 273 246 2787 
340 7232 1581 6859 2279 3005 1181 7233 6457 3523 4667 366 
341 3005 5330 8040 9265 2486 4941 2744 4644 4407 8045 505 246 2279 2085 4667 
342 3005 4644 1336 2551 578 3523 3745 3417 3837 2202 9640 4667 4880 
343 4667 3005 4644 3153 5330 915 4345 1122 5350 9301 8949 5069 1181 7233 
344 246 9301 9640 2787 2741 3005 9265 1181 366 8052 482 2279 6859 1905 4941 5330 1276 
345 2787 9265 8040 4667 8203 366 3153 2896 1905 2744 4407 5546 7155 
346 2279 6991 3837 2787 4726 9265 4293 1581 8260 1905 8203 1181 7155 
347 4667 2279 4086 631 2586 6269 8824 9876 9301 2741 2551 6103 
348 4644 9636 366 790 7233 7028 4721 6506 5682 
349 4644 3523 5330 1336 8750 1276 1905 2741 4027 9636 2744 3005 
35 4644 2741 2486 2279 1276 3743 9636 9132 6267 2835 5678 871 
350 4644 246 578 1336 790 3005 8981 3523 9636 7233 4766 
351 4726 3745 8618 2279 3743 8052 7233 1020 4667 1276 8815 2486 1905 871 366 7165 
352 4726 3005 1336 7233 2551 3053 1020 4293 4667 2787 472 8423 9640 3297 
353 4644 366 273 4941 4613 246 4667 3523 5069 8618 7233 353 
354 4644 1181 6506 3743 2279 3005 9132 3153 790 3375 5135 915 8140 4985 
355 4644 578 2279 3523 9132 6859 3153 3743 4293 
356 3005 3523 4486 2279 2551 3473 5634 1181 4726 
357 4644 6269 3523 2331 4726 1728 2210 4821 4985 273 
358 3743 578 3005 5634 4821 5795 1581 2335 4086 6103 8949 8618 7559 
359 1336 4644 246 915 4766 578 7285 8981 4721 871 7899 3005 8469 
36 3523 3005 3745 4726 1336 3417 6457 5135 3743 246 366 9187 
360 3005 4644 1796 8040 9636 366 1020 246 2279 4066 2586 1127 
361 3005 246 2085 3888 4644 7115 1423 2486 4941 4293 3745 8389 6269 
362 4644 578 3005 273 2486 4726 6457 790 5330 2279 9265 2085 
363 2279 4644 3005 3743 1181 7611 4667 578 8203 4086 
364 3005 790 366 1336 1181 4721 2744 578 2787 9935 1276 9636 
365 3005 4644 3417 8618 3745 2486 1181 9301 2896 2787 5678 4086 4667 7562 
366 4644 3005 790 871 366 5330 8040 4667 3743 1336 8140 9636 482 4486 
367 4644 790 7115 8416 8618 2279 1694 5135 8052 8981 1581 
368 8045 4644 3005 1336 2202 2744 4293 1581 6258 8981 5474 1072 3053 
369 3005 3053 1423 4644 4880 4726 3743 3745 4407 493 9636 1122 
37 9640 7155 3375 3523 2586 5330 1336 5234 8045 4667 1122 4407 
370 4766 3523 2279 9640 273 366 7115 1694 578 
371 4721 8040 4667 1323 7028 3005 4644 949 2744 2279 8140 871 
372 4721 2279 9688 578 6859 8203 9132 5135 7174 7977 
373 3745 7174 3053 1181 5330 8040 1336 6258 1905 7233 6859 2744 3743 4667 4880 5825 
374 3005 8040 3417 2279 3745 3530 8792 2197 8469 5135 
375 4644 3745 9640 8549 3005 1796 3523 1181 1323 1956 8111 1694 7461 7228 
376 6506 2744 1694 871 5634 8040 790 4667 1323 2939 4766 578 3926 
377 6506 3523 578 1181 2551 8824 4726 2279 
378 3005 3523 578 353 4721 2741 4086 4644 2586 3743 
379 3005 3417 8040 2369 4721 4821 5135 4644 8203 9301 8824 
38 790 2279 4644 3743 4667 9235 4941 4821 5234 8824 3895 366 
380 3005 2279 1181 3053 4667 3153 1276 4766 9887 5107 3895 3743 8618 4644 
381 4644 5135 2744 3297 2896 2279 4726 1905 7977 2486 4407 
382 6506 2586 2202 4644 7837 578 2279 3005 
383 4644 8618 1020 3297 7977 7559 4821 3005 4721 1122 7459 6266 
384 4644 1181 5135 3523 2279 9688 5389 3005 4726 3926 578 
385 4644 9640 3005 3473 871 8052 9132 1020 915 4766 2279 4667 2486 
386 3005 4644 4726 2744 4667 1181 6859 1336 3745 9301 3743 578 1905 2741 
387 1336 3053 3005 9235 2787 472 3132 273 2551 246 2279 
388 3005 4644 4726 7837 246 4407 6840 2210 2408 5135 
389 4644 2279 4667 2551 7049 2524 8260 1694 6840 191 9301 
39 4726 3005 3375 2279 1581 2486 8750 6269 4721 9745 2586 
390 4726 871 3005 3743 1581 1336 6269 2939 2202 2744 4721 7340 
391 4721 3743 2279 8186 273 6269 3523 4985 7028 3005 1581 
392 871 2279 3417 3153 4644 273 4667 8040 278 8549 8750 
393 3005 5107 5330 482 2279 915 578 5682 
394 3005 578 1336 4644 4407 5330 7559 8743 9636 3153 4293 
395 4644 6269 4726 871 578 6457 3523 4721 9265 3375 
396 7837 8040 4644 2551 1905 2744 9640 5795 1181 790 3005 141 2279 
397 4644 1905 3888 871 6698 3745 2279 790 2896 6468 1336 9440 
398 4644 578 4726 6506 4407 2486 2279 790 4667 3417 8618 
399 578 4644 4667 273 3005 8949 4407 6457 9688 3523 6991 
4 4644 3005 4726 6269 9132 2085 273 5330 9301 2486 7155 8768 5011 
40 3005 4766 871 4644 4667 2744 9459 1728 1905 7233 1694 6258 4880 4407 
400 3005 578 1020 3743 273 3153 8618 2744 1181 6859 8743 5525 4407 9876 4766 2085 7049 
401 6506 4726 6457 3523 4644 2741 3417 790 7503 
402 3005 578 4726 915 9265 3417 2744 2408 273 246 4766 790 
403 4644 790 2486 4407 3417 631 4821 2744 1181 9640 1220 246 366 3267 
404 4667 3153 4644 9640 3005 6269 6267 4721 4726 191 2730 
405 4644 3005 4486 276 4667 2486 9132 2741 4726 6991 790 4985 9440 4721 8040 
406 3375 4721 7837 790 1905 1336 3005 3745 4644 3297 871 1233 
407 578 3005 4644 2486 246 2202 2279 1336 8040 5795 2787 366 1019 
408 2486 4644 4667 6506 578 9636 3743 3523 366 4407 
409 3417 273 3005 790 4644 7687 3743 578 1276 3895 5330 6269 
41 4644 3417 8040 4726 1796 9640 1336 4821 790 4766 2486 3473 6258 6213 
410 3005 1336 4726 2741 6269 790 2551 1323 2279 482 3743 8949 8743 
411 366 3297 3745 7028 3005 482 3895 2279 5135 3417 8052 
412 5330 3895 3005 4667 6457 7174 7233 7028 9688 2787 6506 
413 4644 6269 4721 4086 3005 2279 8815 1336 1181 1581 3523 5069 3926 
414 4644 2279 4086 5330 1020 7232 8203 790 9688 4134 7461 2744 
415 9640 3743 7049 6506 273 1020 790 2279 578 8040 915 1181 4134 4941 3053 
416 4644 3523 7155 3417 3005 4407 8949 8750 3494 4726 
417 5135 3743 8052 3926 2744 2085 3005 366 3888 6859 1181 9688 3745 8203 
418 2279 8618 1905 7559 3417 3297 3153 366 6859 4644 
419 246 2279 790 4644 4821 366 871 4726 1336 6506 
42 3005 578 4726 1181 3743 3153 3417 4293 5704 353 2202 4821 
420 4766 3005 7028 4644 4667 246 4721 9265 2486 1905 4985 2896 6698 
421 3005 4644 3523 8815 5330 2551 2486 7559 9640 2210 1181 
422 4644 8040 578 4667 5330 6840 3053 790 8618 9636 1181 4721 9688 4880 
423 2279 3005 1694 3417 4721 9301 1276 5107 631 
424 4644 3005 9688 4726 7810 2279 6258 6859 1336 790 9636 
425 871 3743 273 2744 2279 1581 578 9887 4407 4941 4721 7459 5069 9265 1181 
426 3005 5330 9640 3375 6991 3926 4726 3523 8040 7887 4407 1336 10 
427 4644 366 3523 3005 2279 2787 9132 1336 3417 9398 9887 8981 
428 3005 9688 5330 4667 1694 578 3895 4644 2279 3153 7461 
429 2551 9398 4726 3523 8618 779 2896 7837 8045 
43 790 4644 3523 3005 6506 2744 366 4100 8824 7461 7233 
430 3005 871 790 4667 8052 6258 6859 7977 8040 8824 366 4766 2896 1323 
431 2744 578 3005 4721 9636 7559 4644 8186 
432 790 8052 2279 3417 8175 366 6506 1694 
433 4644 3523 6457 2202 3005 4721 2730 2741 4086 2896 
434 2279 3005 6859 2486 6269 3745 3743 3473 4486 4667 4880 5330 1276 7155 
435 1336 3523 4644 366 8175 3053 4869 6506 2787 
436 578 3053 3523 3473 9887 2486 3375 6506 8618 3005 5617 246 
437 4644 578 1336 3745 4086 8040 1905 5330 2279 3523 8824 6258 
438 3473 4644 8824 1336 3005 9132 2744 5754 5107 5617 6269 
439 871 4667 482 2279 3417 9887 631 578 3005 4721 
44 3523 9636 4726 6258 4644 8052 9688 4086 5330 4766 2741 4985 1020 2787 
440 6506 4644 3005 366 790 2741 7459 2486 1796 3417 482 8040 2586 
441 3005 3523 246 2085 1220 7155 273 1323 1107 2331 191 3745 
442 3005 578 5389 5069 6506 3523 7837 2787 2551 790 
443 4644 4293 3523 3417 871 366 4726 1905 3005 
444 4644 3005 1905 578 1122 1728 6506 4407 2279 3153 2210 
445 4644 4667 8618 790 2486 1276 4721 9640 2135 4821 3153 1694 4766 
446 3005 790 578 1323 7115 1336 2744 3745 1181 8618 4667 2279 2787 379 1728 8743 2486 
447 3005 4644 6506 4726 246 6103 2486 3745 578 6859 4667 1020 8815 
448 4644 3005 3417 779 246 871 9132 4726 578 9159 2486 2279 6258 
449 3005 2744 191 4726 3745 2586 1107 8040 578 5795 8824 
45 6506 790 4644 8203 9887 915 4726 4821 3523 
450 4644 2279 366 1181 246 6506 4721 2939 7461 273 
451 6859 4644 9636 3053 2787 8549 7977 1181 6786 871 8750 4880 366 
452 578 3005 4644 4726 3888 1020 6269 3297 2741 4066 1019 8260 4941 
453 578 2279 1336 3005 246 2486 4726 7381 790 5330 915 
454 1181 3005 2279 331 3153 7174 4721 3375 6859 4726 
455 2741 4726 6859 3053 2551 4644 7559 4667 1905 2896 6506 
456 4644 5389 3523 8469 4407 3417 9301 4486 6506 7461 3745 
457 4086 3005 1336 2279 9688 8469 8052 8040 4721 3523 1423 4407 
458 3523 5069 1181 3005 7977 1336 790 4667 5107 2279 2486 4644 
459 4644 3005 4293 3417 1276 871 4486 5474 4726 4721 
46 3005 4644 2279 3743 8045 4726 9640 5330 8203 3053 1276 
460 2551 4667 1694 182 6840 1962 1276 5330 7228 4027 4880 5634 3895 
461 4726 2279 3743 366 4667 871 3005 1581 7977 1336 4293 5617 
462 4644 6258 3523 1181 3743 7155 9636 3417 9526 2741 3745 1905 
463 3005 6506 1181 2486 9640 6258 4644 9398 8618 4667 3895 3417 7611 6002 
464 4644 8618 2202 4293 4407 4667 3005 8203 6859 5069 3153 6103 
465 3005 2279 8618 3745 4644 9636 3153 790 2741 3743 366 2486 871 2730 3926 
466 3005 2787 4644 4726 4486 9935 3888 2279 366 
467 3005 273 4644 4721 246 3523 790 4407 7233 4726 7382 
468 4644 3005 578 3153 3523 6257 5330 1905 8040 2279 
469 3005 4644 4766 3743 6859 8549 3153 3523 9636 8052 3053 5872 
47 4726 246 1796 1905 5634 1423 8793 4345 9688 7174 372 4667 4407 273 
470 1181 3523 4721 790 2279 1423 191 9507 273 
471 3005 2279 3745 6859 4721 482 4880 4726 246 3375 1019 6991 4077 
472 3005 3523 7837 3417 4086 2331 482 4721 6506 
473 578 2279 3417 6506 3745 3895 5350 8052 4293 
474 1181 1336 4644 4667 3523 4407 3743 3837 4086 3745 3005 6991 2896 
475 915 871 1020 9132 9688 8203 3005 9450 1336 9398 7837 5107 5330 
476 4644 1020 2279 871 6269 8949 3053 4721 2744 7285 790 4941 7459 4766 578 
477 4644 578 4721 8949 366 4821 2486 6859 3523 
478 3005 4644 2279 5135 7559 4667 5330 3745 1336 9688 5069 8618 
479 4644 1181 1905 6506 1122 6103 4766 4721 2614 6840 
48 3005 4644 915 578 1181 3523 7837 4667 5135 
480 4644 790 2279 6506 3745 366 8052 8140 3523 1020 2744 9301 
481 3005 9636 4726 6859 246 2787 366 4721 3745 1694 2279 
482 4644 4726 1181 2896 8052 3743 9132 482 6859 3297 2486 7285 5634 
483 9887 6859 4726 8040 8743 8793 578 5135 2279 3053 8469 
484 4644 4766 4726 8618 4721 1019 7977 3005 3743 9301 5107 1276 
485 3005 4644 790 4667 4407 2279 578 6506 505 4486 8203 
486 3005 4644 2279 3745 871 6859 6698 9265 9301 9636 8824 2408 8052 
487 6506 3053 6859 4726 8949 3743 8203 4667 2279 493 4486 1181 
488 790 9132 4644 1336 3005 8260 450 8040 6258 9440 5125 366 3743 3053 7233 3523 
489 4644 3743 3153 6468 3523 4086 1122 915 366 1181 4027 5135 
49 4644 5330 3005 9636 2279 366 6859 6269 9526 9640 
490 3523 3005 2741 4721 2486 3297 4644 141 1276 1181 915 8203 
491 366 4726 1020 779 2486 790 5330 5069 3417 4766 2524 4293 
492 4644 4293 3523 5330 3417 2787 9636 3297 744 3837 
493 8040 790 3005 2486 9265 1336 8750 2279 6269 3743 1423 2085 2744 8203 2741 3745 
494 3005 578 3743 7837 1905 871 2408 4644 6859 3523 
495 4644 4726 3005 8743 246 871 9636 3745 4407 3417 5389 3743 2896 4345 
496 1181 2408 5617 3417 482 7321 6506 1336 3523 578 
497 3005 4644 246 5069 6258 3297 3837 949 2741 6457 4766 7837 8618 3745 5350 
498 4644 4721 1181 3005 2744 366 4407 3473 3375 2279 
499 3005 9640 578 915 2551 3523 2085 8618 1423 2279 1122 3053 1181 5872 
5 4644 6506 4667 273 1728 4086 6457 8175 2896 
50 4644 779 5350 7837 1181 1581 2787 3053 6103 578 
51 3005 3523 578 4644 2085 4726 3743 1336 366 4667 1905 
52 3005 4726 4766 4407 3745 5038 1336 246 366 578 4644 4880 8949 8203 2085 
53 8549 366 3053 5330 1336 7115 3153 790 2551 273 8743 6506 8040 
54 3743 1323 4644 4721 2551 482 3053 9132 7155 790 7174 1181 
55 8040 4644 1905 871 9398 8750 366 6267 4726 4407 4880 3745 
56 3005 4644 4407 3745 8040 9132 4667 6269 3523 4721 273 5069 2202 
57 3005 1336 5330 4667 4293 9688 2486 4086 493 8792 7028 3743 5069 
58 2279 3523 8052 9398 578 9640 4407 2896 9450 2730 
59 4766 3005 2551 246 8469 2744 3053 8549 2787 7155 8175 4941 
6 4721 1336 3523 4667 4644 3153 3743 8040 2741 6991 6103 6269 
60 3005 1336 1905 1276 9301 2787 3523 3053 7233 2486 2279 578 4407 9636 6269 
61 3005 4721 4644 1122 9265 7028 4667 871 4407 246 273 6269 1796 6103 
62 4721 366 3053 4726 6269 2279 4667 6859 3523 1020 4027 4407 6258 1336 9688 6698 
63 8040 273 2486 790 8618 1336 4293 4721 2741 9636 3005 2279 3417 
64 8618 3053 1181 2279 3523 4721 4821 3005 2744 5107 
65 2486 5135 9636 7028 3523 9688 578 3005 4766 779 
66 4721 6258 1336 366 4644 1181 7977 2744 4486 2486 246 6506 5107 
67 8040 6859 3005 3523 1336 2787 9398 366 1323 2551 4644 5330 
68 7115 4726 2551 9636 871 6859 3005 3743 3053 5617 915 
69 4644 1181 9640 4766 2279 482 4721 9132 3153 6267 2210 
7 8040 2202 578 871 5330 7977 915 1694 5135 4293 
70 4644 3005 4721 2486 790 2741 9526 2551 3895 3053 6859 2744 3153 
71 3005 4644 2279 5330 8981 7977 3888 1336 8618 8045 4766 
72 3523 3743 1276 3005 7837 4644 3053 5389 9132 4869 1020 8052 2730 
73 4644 6506 1336 366 4726 2896 1905 3053 9636 3005 1581 
74 246 2085 2279 4721 3417 1181 6859 4486 5038 779 2124 1336 
75 4726 3005 7559 5330 4667 7837 8040 578 4293 2744 
76 3005 366 1181 871 6103 191 1905 2896 5069 2279 5234 790 
77 3005 4644 4407 1336 1581 4766 5135 871 8040 2551 7461 3523 
78 578 2279 4644 2744 3005 4721 2486 7028 5682 5234 
79 578 790 4644 3523 5069 3005 2787 6506 4821 1181 9265 9640 
8 4644 3745 2279 6103 9636 4086 1694 9301 3523 5330 8040 
80 4644 790 4766 2279 9132 3523 6258 9636 7461 4654 3297 
81 4644 578 2279 1181 133 2787 8618 4821 6506 4726 6859 
82 4644 4721 3297 2741 9265 3417 2279 7233 7977 246 3053 4293 4667 2486 8618 
83 3005 3743 4821 2551 8824 7028 6698 3153 779 9636 
84 9636 2486 246 3005 3523 4941 1020 4821 9301 6506 4391 6002 
85 2486 3005 4407 2331 8040 5069 7837 8052 3637 1336 4644 5135 
86 4644 871 6859 3005 3523 246 7837 366 1581 790 2279 4134 
87 4644 8040 1336 4726 8203 2279 482 2486 5617 1181 5825 
88 3005 4644 871 3523 4766 8618 4086 7459 1336 4293 9440 6840 6457 
89 4644 578 3523 2408 1020 1796 7115 276 9398 6859 7459 8618 4667 
9 4644 2486 366 3473 3375 3417 1336 9640 790 8040 2787 4869 9398 
90 578 4644 2744 3005 871 2279 2741 631 6506 2408 
91 3005 3053 246 4644 4821 9688 9887 5069 3743 5547 578 8045 5330 
92 9265 790 2744 1423 1336 7977 5330 3005 1020 578 2486 3297 8260 2896 3375 
93 871 4644 4721 366 2279 4667 5389 8040 2335 8052 8203 
94 3005 4644 7028 273 1905 4941 4667 1181 4726 8040 5330 790 
95 4644 2279 5330 7233 2744 1336 4721 8040 6506 1796 790 
96 366 1336 6506 5330 790 3005 4985 1581 3153 9640 4486 7233 1905 2202 4407 
97 3005 578 8040 4644 4726 4407 3053 3297 7115 8750 1694 
98 4644 3005 2279 4721 4766 8045 1336 2486 2744 366 6859 
99 1181 4726 4644 4407 3743 3005 1336 2279 6185 4330 3375 
